[2022-04-15 17:42:59,948] multiqc                                            [DEBUG  ]  This is MultiQC v1.12
[2022-04-15 17:42:59,949] multiqc                                            [DEBUG  ]  No MultiQC config found: /usr/local/lib/python3.6/dist-packages/multiqc-1.12-py3.6.egg/multiqc_config.yaml
[2022-04-15 17:42:59,949] multiqc                                            [DEBUG  ]  No MultiQC config found: /home/ADMIN/.multiqc_config.yaml
[2022-04-15 17:42:59,949] multiqc                                            [DEBUG  ]  No MultiQC config found: multiqc_config.yaml
[2022-04-15 17:42:59,949] multiqc                                            [DEBUG  ]  Command used: /usr/local/bin/multiqc .
[2022-04-15 17:43:00,848] multiqc                                            [DEBUG  ]  Latest MultiQC version is v1.12
[2022-04-15 17:43:00,849] multiqc                                            [DEBUG  ]  Command     : /usr/local/bin/multiqc .
[2022-04-15 17:43:00,849] multiqc                                            [DEBUG  ]  Working dir : /srv/data/my_shared_data_folder/gnbs/stubdata/variants/vcfstats
[2022-04-15 17:43:00,849] multiqc                                            [DEBUG  ]  Template    : default
[2022-04-15 17:43:00,849] multiqc                                            [DEBUG  ]  Running Python 3.6.9 (default, Mar 15 2022, 13:55:28)  [GCC 8.4.0]
[2022-04-15 17:43:00,849] multiqc                                            [DEBUG  ]  Analysing modules: custom_content, ccs, ngsderive, purple, conpair, lima, peddy, somalier, methylQA, mosdepth, phantompeakqualtools, qualimap, preseq, quast, qorts, rna_seqc, rockhopper, rsem, rseqc, busco, bustools, goleft_indexcov, gffcompare, disambiguate, supernova, deeptools, sargasso, verifybamid, mirtrace, happy, mirtop, sambamba, homer, hops, macs2, theta2, snpeff, gatk, htseq, bcftools, featureCounts, fgbio, dragen, dedup, pbmarkdup, damageprofiler, biobambam2, jcvi, mtnucratio, picard, vep, sentieon, prokka, qc3C, nanostat, samblaster, samtools, sexdeterrmine, eigenstratdatabasetools, bamtools, jellyfish, vcftools, longranger, stacks, varscan2, snippy, bbmap, bismark, biscuit, hicexplorer, hicup, hicpro, salmon, kallisto, slamdunk, star, hisat2, tophat, bowtie2, bowtie1, snpsplit, odgi, pangolin, kat, leehom, adapterRemoval, clipandmerge, cutadapt, flexbar, kaiju, kraken, malt, trimmomatic, sickle, skewer, sortmerna, biobloomtools, fastq_screen, afterqc, fastp, fastqc, pychopper, pycoqc, minionqc, multivcfanalyzer, clusterflow, checkqc, bcl2fastq, bclconvert, interop, ivar, flash, seqyclean, optitype, whatshap
[2022-04-15 17:43:00,850] multiqc                                            [DEBUG  ]  Using temporary directory for creating report: /tmp/tmpuf7nykyx
[2022-04-15 17:43:00,855] multiqc                                            [INFO   ]  Search path : /srv/data/my_shared_data_folder/gnbs/stubdata/variants/vcfstats
[2022-04-15 17:43:00,898] multiqc                                            [DEBUG  ]  File ignored by ccs/v4 because it exceeded search pattern filesize limit: SRR10141099_vcfstats.txt
[2022-04-15 17:43:00,899] multiqc                                            [DEBUG  ]  File ignored by hicexplorer because it exceeded search pattern filesize limit: SRR10141099_vcfstats.txt
[2022-04-15 17:43:00,899] multiqc                                            [DEBUG  ]  File ignored by lima/summary because it exceeded search pattern filesize limit: SRR10141099_vcfstats.txt
[2022-04-15 17:43:00,901] multiqc                                            [DEBUG  ]  File ignored by longranger/invocation because it exceeded search pattern filesize limit: SRR10141099_vcfstats.txt
[2022-04-15 17:43:00,910] multiqc                                            [DEBUG  ]  File ignored by nanostat because it exceeded search pattern filesize limit: SRR10141099_vcfstats.txt
[2022-04-15 17:43:00,920] multiqc                                            [DEBUG  ]  File ignored by ccs/v4 because it exceeded search pattern filesize limit: SRR10141028_vcfstats.txt
[2022-04-15 17:43:00,920] multiqc                                            [DEBUG  ]  File ignored by hicexplorer because it exceeded search pattern filesize limit: SRR10141028_vcfstats.txt
[2022-04-15 17:43:00,921] multiqc                                            [DEBUG  ]  File ignored by lima/summary because it exceeded search pattern filesize limit: SRR10141028_vcfstats.txt
[2022-04-15 17:43:00,922] multiqc                                            [DEBUG  ]  File ignored by longranger/invocation because it exceeded search pattern filesize limit: SRR10141028_vcfstats.txt
[2022-04-15 17:43:00,945] multiqc                                            [DEBUG  ]  File ignored by nanostat because it exceeded search pattern filesize limit: SRR10141028_vcfstats.txt
[2022-04-15 17:43:00,961] multiqc                                            [DEBUG  ]  File ignored by ccs/v4 because it exceeded search pattern filesize limit: SRR10141086_vcfstats.txt
[2022-04-15 17:43:00,962] multiqc                                            [DEBUG  ]  File ignored by hicexplorer because it exceeded search pattern filesize limit: SRR10141086_vcfstats.txt
[2022-04-15 17:43:00,962] multiqc                                            [DEBUG  ]  File ignored by lima/summary because it exceeded search pattern filesize limit: SRR10141086_vcfstats.txt
[2022-04-15 17:43:00,967] multiqc                                            [DEBUG  ]  File ignored by longranger/invocation because it exceeded search pattern filesize limit: SRR10141086_vcfstats.txt
[2022-04-15 17:43:00,977] multiqc                                            [DEBUG  ]  File ignored by nanostat because it exceeded search pattern filesize limit: SRR10141086_vcfstats.txt
[2022-04-15 17:43:00,999] multiqc                                            [DEBUG  ]  File ignored by ccs/v4 because it exceeded search pattern filesize limit: SRR10141049_vcfstats.txt
[2022-04-15 17:43:01,000] multiqc                                            [DEBUG  ]  File ignored by hicexplorer because it exceeded search pattern filesize limit: SRR10141049_vcfstats.txt
[2022-04-15 17:43:01,000] multiqc                                            [DEBUG  ]  File ignored by lima/summary because it exceeded search pattern filesize limit: SRR10141049_vcfstats.txt
[2022-04-15 17:43:01,001] multiqc                                            [DEBUG  ]  File ignored by longranger/invocation because it exceeded search pattern filesize limit: SRR10141049_vcfstats.txt
[2022-04-15 17:43:01,025] multiqc                                            [DEBUG  ]  File ignored by nanostat because it exceeded search pattern filesize limit: SRR10141049_vcfstats.txt
[2022-04-15 17:43:01,042] multiqc                                            [DEBUG  ]  File ignored by ccs/v4 because it exceeded search pattern filesize limit: SRR10141047_vcfstats.txt
[2022-04-15 17:43:01,042] multiqc                                            [DEBUG  ]  File ignored by hicexplorer because it exceeded search pattern filesize limit: SRR10141047_vcfstats.txt
[2022-04-15 17:43:01,043] multiqc                                            [DEBUG  ]  File ignored by lima/summary because it exceeded search pattern filesize limit: SRR10141047_vcfstats.txt
[2022-04-15 17:43:01,044] multiqc                                            [DEBUG  ]  File ignored by longranger/invocation because it exceeded search pattern filesize limit: SRR10141047_vcfstats.txt
[2022-04-15 17:43:01,072] multiqc                                            [DEBUG  ]  File ignored by nanostat because it exceeded search pattern filesize limit: SRR10141047_vcfstats.txt
[2022-04-15 17:43:01,088] multiqc                                            [DEBUG  ]  File ignored by ccs/v4 because it exceeded search pattern filesize limit: SRR10141076_vcfstats.txt
[2022-04-15 17:43:01,089] multiqc                                            [DEBUG  ]  File ignored by hicexplorer because it exceeded search pattern filesize limit: SRR10141076_vcfstats.txt
[2022-04-15 17:43:01,089] multiqc                                            [DEBUG  ]  File ignored by lima/summary because it exceeded search pattern filesize limit: SRR10141076_vcfstats.txt
[2022-04-15 17:43:01,090] multiqc                                            [DEBUG  ]  File ignored by longranger/invocation because it exceeded search pattern filesize limit: SRR10141076_vcfstats.txt
[2022-04-15 17:43:01,101] multiqc                                            [DEBUG  ]  File ignored by nanostat because it exceeded search pattern filesize limit: SRR10141076_vcfstats.txt
[2022-04-15 17:43:01,104] multiqc                                            [DEBUG  ]  File ignored by ccs/v4 because it exceeded search pattern filesize limit: SRR10141096_vcfstats.txt
[2022-04-15 17:43:01,105] multiqc                                            [DEBUG  ]  File ignored by hicexplorer because it exceeded search pattern filesize limit: SRR10141096_vcfstats.txt
[2022-04-15 17:43:01,105] multiqc                                            [DEBUG  ]  File ignored by lima/summary because it exceeded search pattern filesize limit: SRR10141096_vcfstats.txt
[2022-04-15 17:43:01,107] multiqc                                            [DEBUG  ]  File ignored by longranger/invocation because it exceeded search pattern filesize limit: SRR10141096_vcfstats.txt
[2022-04-15 17:43:01,117] multiqc                                            [DEBUG  ]  File ignored by nanostat because it exceeded search pattern filesize limit: SRR10141096_vcfstats.txt
[2022-04-15 17:43:01,120] multiqc                                            [DEBUG  ]  File ignored by ccs/v4 because it exceeded search pattern filesize limit: SRR10141023_vcfstats.txt
[2022-04-15 17:43:01,121] multiqc                                            [DEBUG  ]  File ignored by hicexplorer because it exceeded search pattern filesize limit: SRR10141023_vcfstats.txt
[2022-04-15 17:43:01,121] multiqc                                            [DEBUG  ]  File ignored by lima/summary because it exceeded search pattern filesize limit: SRR10141023_vcfstats.txt
[2022-04-15 17:43:01,123] multiqc                                            [DEBUG  ]  File ignored by longranger/invocation because it exceeded search pattern filesize limit: SRR10141023_vcfstats.txt
[2022-04-15 17:43:01,146] multiqc                                            [DEBUG  ]  File ignored by nanostat because it exceeded search pattern filesize limit: SRR10141023_vcfstats.txt
[2022-04-15 17:43:01,150] multiqc                                            [DEBUG  ]  File ignored by ccs/v4 because it exceeded search pattern filesize limit: SRR10141106_vcfstats.txt
[2022-04-15 17:43:01,151] multiqc                                            [DEBUG  ]  File ignored by hicexplorer because it exceeded search pattern filesize limit: SRR10141106_vcfstats.txt
[2022-04-15 17:43:01,151] multiqc                                            [DEBUG  ]  File ignored by lima/summary because it exceeded search pattern filesize limit: SRR10141106_vcfstats.txt
[2022-04-15 17:43:01,153] multiqc                                            [DEBUG  ]  File ignored by longranger/invocation because it exceeded search pattern filesize limit: SRR10141106_vcfstats.txt
[2022-04-15 17:43:01,162] multiqc                                            [DEBUG  ]  File ignored by nanostat because it exceeded search pattern filesize limit: SRR10141106_vcfstats.txt
[2022-04-15 17:43:01,174] multiqc                                            [DEBUG  ]  File ignored by ccs/v4 because it exceeded search pattern filesize limit: SRR10141073_vcfstats.txt
[2022-04-15 17:43:01,175] multiqc                                            [DEBUG  ]  File ignored by hicexplorer because it exceeded search pattern filesize limit: SRR10141073_vcfstats.txt
[2022-04-15 17:43:01,175] multiqc                                            [DEBUG  ]  File ignored by lima/summary because it exceeded search pattern filesize limit: SRR10141073_vcfstats.txt
[2022-04-15 17:43:01,176] multiqc                                            [DEBUG  ]  File ignored by longranger/invocation because it exceeded search pattern filesize limit: SRR10141073_vcfstats.txt
[2022-04-15 17:43:01,186] multiqc                                            [DEBUG  ]  File ignored by nanostat because it exceeded search pattern filesize limit: SRR10141073_vcfstats.txt
[2022-04-15 17:43:01,189] multiqc                                            [DEBUG  ]  File ignored by ccs/v4 because it exceeded search pattern filesize limit: SRR10141110_vcfstats.txt
[2022-04-15 17:43:01,190] multiqc                                            [DEBUG  ]  File ignored by hicexplorer because it exceeded search pattern filesize limit: SRR10141110_vcfstats.txt
[2022-04-15 17:43:01,190] multiqc                                            [DEBUG  ]  File ignored by lima/summary because it exceeded search pattern filesize limit: SRR10141110_vcfstats.txt
[2022-04-15 17:43:01,192] multiqc                                            [DEBUG  ]  File ignored by longranger/invocation because it exceeded search pattern filesize limit: SRR10141110_vcfstats.txt
[2022-04-15 17:43:01,200] multiqc                                            [DEBUG  ]  File ignored by nanostat because it exceeded search pattern filesize limit: SRR10141110_vcfstats.txt
[2022-04-15 17:43:01,203] multiqc                                            [DEBUG  ]  File ignored by ccs/v4 because it exceeded search pattern filesize limit: SRR10141022_vcfstats.txt
[2022-04-15 17:43:01,204] multiqc                                            [DEBUG  ]  File ignored by hicexplorer because it exceeded search pattern filesize limit: SRR10141022_vcfstats.txt
[2022-04-15 17:43:01,204] multiqc                                            [DEBUG  ]  File ignored by lima/summary because it exceeded search pattern filesize limit: SRR10141022_vcfstats.txt
[2022-04-15 17:43:01,206] multiqc                                            [DEBUG  ]  File ignored by longranger/invocation because it exceeded search pattern filesize limit: SRR10141022_vcfstats.txt
[2022-04-15 17:43:01,228] multiqc                                            [DEBUG  ]  File ignored by nanostat because it exceeded search pattern filesize limit: SRR10141022_vcfstats.txt
[2022-04-15 17:43:01,232] multiqc                                            [DEBUG  ]  File ignored by ccs/v4 because it exceeded search pattern filesize limit: SRR10141038_vcfstats.txt
[2022-04-15 17:43:01,233] multiqc                                            [DEBUG  ]  File ignored by hicexplorer because it exceeded search pattern filesize limit: SRR10141038_vcfstats.txt
[2022-04-15 17:43:01,233] multiqc                                            [DEBUG  ]  File ignored by lima/summary because it exceeded search pattern filesize limit: SRR10141038_vcfstats.txt
[2022-04-15 17:43:01,235] multiqc                                            [DEBUG  ]  File ignored by longranger/invocation because it exceeded search pattern filesize limit: SRR10141038_vcfstats.txt
[2022-04-15 17:43:01,261] multiqc                                            [DEBUG  ]  File ignored by nanostat because it exceeded search pattern filesize limit: SRR10141038_vcfstats.txt
[2022-04-15 17:43:01,265] multiqc                                            [DEBUG  ]  File ignored by ccs/v4 because it exceeded search pattern filesize limit: SRR10141104_vcfstats.txt
[2022-04-15 17:43:01,266] multiqc                                            [DEBUG  ]  File ignored by hicexplorer because it exceeded search pattern filesize limit: SRR10141104_vcfstats.txt
[2022-04-15 17:43:01,266] multiqc                                            [DEBUG  ]  File ignored by lima/summary because it exceeded search pattern filesize limit: SRR10141104_vcfstats.txt
[2022-04-15 17:43:01,268] multiqc                                            [DEBUG  ]  File ignored by longranger/invocation because it exceeded search pattern filesize limit: SRR10141104_vcfstats.txt
[2022-04-15 17:43:01,282] multiqc                                            [DEBUG  ]  File ignored by nanostat because it exceeded search pattern filesize limit: SRR10141104_vcfstats.txt
[2022-04-15 17:43:01,285] multiqc                                            [DEBUG  ]  File ignored by ccs/v4 because it exceeded search pattern filesize limit: SRR10141118_vcfstats.txt
[2022-04-15 17:43:01,286] multiqc                                            [DEBUG  ]  File ignored by hicexplorer because it exceeded search pattern filesize limit: SRR10141118_vcfstats.txt
[2022-04-15 17:43:01,286] multiqc                                            [DEBUG  ]  File ignored by lima/summary because it exceeded search pattern filesize limit: SRR10141118_vcfstats.txt
[2022-04-15 17:43:01,288] multiqc                                            [DEBUG  ]  File ignored by longranger/invocation because it exceeded search pattern filesize limit: SRR10141118_vcfstats.txt
[2022-04-15 17:43:01,297] multiqc                                            [DEBUG  ]  File ignored by nanostat because it exceeded search pattern filesize limit: SRR10141118_vcfstats.txt
[2022-04-15 17:43:01,300] multiqc                                            [DEBUG  ]  File ignored by ccs/v4 because it exceeded search pattern filesize limit: SRR10141070_vcfstats.txt
[2022-04-15 17:43:01,301] multiqc                                            [DEBUG  ]  File ignored by hicexplorer because it exceeded search pattern filesize limit: SRR10141070_vcfstats.txt
[2022-04-15 17:43:01,301] multiqc                                            [DEBUG  ]  File ignored by lima/summary because it exceeded search pattern filesize limit: SRR10141070_vcfstats.txt
[2022-04-15 17:43:01,303] multiqc                                            [DEBUG  ]  File ignored by longranger/invocation because it exceeded search pattern filesize limit: SRR10141070_vcfstats.txt
[2022-04-15 17:43:01,312] multiqc                                            [DEBUG  ]  File ignored by nanostat because it exceeded search pattern filesize limit: SRR10141070_vcfstats.txt
[2022-04-15 17:43:01,315] multiqc                                            [DEBUG  ]  File ignored by ccs/v4 because it exceeded search pattern filesize limit: SRR10141040_vcfstats.txt
[2022-04-15 17:43:01,315] multiqc                                            [DEBUG  ]  File ignored by hicexplorer because it exceeded search pattern filesize limit: SRR10141040_vcfstats.txt
[2022-04-15 17:43:01,316] multiqc                                            [DEBUG  ]  File ignored by lima/summary because it exceeded search pattern filesize limit: SRR10141040_vcfstats.txt
[2022-04-15 17:43:01,317] multiqc                                            [DEBUG  ]  File ignored by longranger/invocation because it exceeded search pattern filesize limit: SRR10141040_vcfstats.txt
[2022-04-15 17:43:01,342] multiqc                                            [DEBUG  ]  File ignored by nanostat because it exceeded search pattern filesize limit: SRR10141040_vcfstats.txt
[2022-04-15 17:43:01,363] multiqc                                            [DEBUG  ]  File ignored by ccs/v4 because it exceeded search pattern filesize limit: SRR10141034_vcfstats.txt
[2022-04-15 17:43:01,364] multiqc                                            [DEBUG  ]  File ignored by hicexplorer because it exceeded search pattern filesize limit: SRR10141034_vcfstats.txt
[2022-04-15 17:43:01,364] multiqc                                            [DEBUG  ]  File ignored by lima/summary because it exceeded search pattern filesize limit: SRR10141034_vcfstats.txt
[2022-04-15 17:43:01,366] multiqc                                            [DEBUG  ]  File ignored by longranger/invocation because it exceeded search pattern filesize limit: SRR10141034_vcfstats.txt
[2022-04-15 17:43:01,392] multiqc                                            [DEBUG  ]  File ignored by nanostat because it exceeded search pattern filesize limit: SRR10141034_vcfstats.txt
[2022-04-15 17:43:01,407] multiqc                                            [DEBUG  ]  File ignored by ccs/v4 because it exceeded search pattern filesize limit: SRR10141021_vcfstats.txt
[2022-04-15 17:43:01,408] multiqc                                            [DEBUG  ]  File ignored by hicexplorer because it exceeded search pattern filesize limit: SRR10141021_vcfstats.txt
[2022-04-15 17:43:01,408] multiqc                                            [DEBUG  ]  File ignored by lima/summary because it exceeded search pattern filesize limit: SRR10141021_vcfstats.txt
[2022-04-15 17:43:01,410] multiqc                                            [DEBUG  ]  File ignored by longranger/invocation because it exceeded search pattern filesize limit: SRR10141021_vcfstats.txt
[2022-04-15 17:43:01,433] multiqc                                            [DEBUG  ]  File ignored by nanostat because it exceeded search pattern filesize limit: SRR10141021_vcfstats.txt
[2022-04-15 17:43:01,436] multiqc                                            [DEBUG  ]  File ignored by ccs/v4 because it exceeded search pattern filesize limit: SRR10141054_vcfstats.txt
[2022-04-15 17:43:01,437] multiqc                                            [DEBUG  ]  File ignored by hicexplorer because it exceeded search pattern filesize limit: SRR10141054_vcfstats.txt
[2022-04-15 17:43:01,437] multiqc                                            [DEBUG  ]  File ignored by lima/summary because it exceeded search pattern filesize limit: SRR10141054_vcfstats.txt
[2022-04-15 17:43:01,439] multiqc                                            [DEBUG  ]  File ignored by longranger/invocation because it exceeded search pattern filesize limit: SRR10141054_vcfstats.txt
[2022-04-15 17:43:01,467] multiqc                                            [DEBUG  ]  File ignored by nanostat because it exceeded search pattern filesize limit: SRR10141054_vcfstats.txt
[2022-04-15 17:43:01,477] multiqc                                            [DEBUG  ]  File ignored by ccs/v4 because it exceeded search pattern filesize limit: SRR10141115_vcfstats.txt
[2022-04-15 17:43:01,478] multiqc                                            [DEBUG  ]  File ignored by hicexplorer because it exceeded search pattern filesize limit: SRR10141115_vcfstats.txt
[2022-04-15 17:43:01,478] multiqc                                            [DEBUG  ]  File ignored by lima/summary because it exceeded search pattern filesize limit: SRR10141115_vcfstats.txt
[2022-04-15 17:43:01,483] multiqc                                            [DEBUG  ]  File ignored by longranger/invocation because it exceeded search pattern filesize limit: SRR10141115_vcfstats.txt
[2022-04-15 17:43:01,492] multiqc                                            [DEBUG  ]  File ignored by nanostat because it exceeded search pattern filesize limit: SRR10141115_vcfstats.txt
[2022-04-15 17:43:01,501] multiqc                                            [DEBUG  ]  File ignored by ccs/v4 because it exceeded search pattern filesize limit: SRR10141082_vcfstats.txt
[2022-04-15 17:43:01,501] multiqc                                            [DEBUG  ]  File ignored by hicexplorer because it exceeded search pattern filesize limit: SRR10141082_vcfstats.txt
[2022-04-15 17:43:01,502] multiqc                                            [DEBUG  ]  File ignored by lima/summary because it exceeded search pattern filesize limit: SRR10141082_vcfstats.txt
[2022-04-15 17:43:01,503] multiqc                                            [DEBUG  ]  File ignored by longranger/invocation because it exceeded search pattern filesize limit: SRR10141082_vcfstats.txt
[2022-04-15 17:43:01,511] multiqc                                            [DEBUG  ]  File ignored by nanostat because it exceeded search pattern filesize limit: SRR10141082_vcfstats.txt
[2022-04-15 17:43:01,514] multiqc                                            [DEBUG  ]  File ignored by ccs/v4 because it exceeded search pattern filesize limit: SRR10141061_vcfstats.txt
[2022-04-15 17:43:01,515] multiqc                                            [DEBUG  ]  File ignored by hicexplorer because it exceeded search pattern filesize limit: SRR10141061_vcfstats.txt
[2022-04-15 17:43:01,515] multiqc                                            [DEBUG  ]  File ignored by lima/summary because it exceeded search pattern filesize limit: SRR10141061_vcfstats.txt
[2022-04-15 17:43:01,516] multiqc                                            [DEBUG  ]  File ignored by longranger/invocation because it exceeded search pattern filesize limit: SRR10141061_vcfstats.txt
[2022-04-15 17:43:01,540] multiqc                                            [DEBUG  ]  File ignored by nanostat because it exceeded search pattern filesize limit: SRR10141061_vcfstats.txt
[2022-04-15 17:43:01,544] multiqc                                            [DEBUG  ]  File ignored by ccs/v4 because it exceeded search pattern filesize limit: SRR10141033_vcfstats.txt
[2022-04-15 17:43:01,545] multiqc                                            [DEBUG  ]  File ignored by hicexplorer because it exceeded search pattern filesize limit: SRR10141033_vcfstats.txt
[2022-04-15 17:43:01,545] multiqc                                            [DEBUG  ]  File ignored by lima/summary because it exceeded search pattern filesize limit: SRR10141033_vcfstats.txt
[2022-04-15 17:43:01,547] multiqc                                            [DEBUG  ]  File ignored by longranger/invocation because it exceeded search pattern filesize limit: SRR10141033_vcfstats.txt
[2022-04-15 17:43:01,569] multiqc                                            [DEBUG  ]  File ignored by nanostat because it exceeded search pattern filesize limit: SRR10141033_vcfstats.txt
[2022-04-15 17:43:01,605] multiqc                                            [DEBUG  ]  File ignored by ccs/v4 because it exceeded search pattern filesize limit: SRR10141025_vcfstats.txt
[2022-04-15 17:43:01,606] multiqc                                            [DEBUG  ]  File ignored by hicexplorer because it exceeded search pattern filesize limit: SRR10141025_vcfstats.txt
[2022-04-15 17:43:01,606] multiqc                                            [DEBUG  ]  File ignored by lima/summary because it exceeded search pattern filesize limit: SRR10141025_vcfstats.txt
[2022-04-15 17:43:01,607] multiqc                                            [DEBUG  ]  File ignored by longranger/invocation because it exceeded search pattern filesize limit: SRR10141025_vcfstats.txt
[2022-04-15 17:43:01,630] multiqc                                            [DEBUG  ]  File ignored by nanostat because it exceeded search pattern filesize limit: SRR10141025_vcfstats.txt
[2022-04-15 17:43:01,634] multiqc                                            [DEBUG  ]  File ignored by ccs/v4 because it exceeded search pattern filesize limit: SRR10141030_vcfstats.txt
[2022-04-15 17:43:01,635] multiqc                                            [DEBUG  ]  File ignored by hicexplorer because it exceeded search pattern filesize limit: SRR10141030_vcfstats.txt
[2022-04-15 17:43:01,635] multiqc                                            [DEBUG  ]  File ignored by lima/summary because it exceeded search pattern filesize limit: SRR10141030_vcfstats.txt
[2022-04-15 17:43:01,637] multiqc                                            [DEBUG  ]  File ignored by longranger/invocation because it exceeded search pattern filesize limit: SRR10141030_vcfstats.txt
[2022-04-15 17:43:01,646] multiqc                                            [DEBUG  ]  File ignored by nanostat because it exceeded search pattern filesize limit: SRR10141030_vcfstats.txt
[2022-04-15 17:43:01,649] multiqc                                            [DEBUG  ]  File ignored by ccs/v4 because it exceeded search pattern filesize limit: SRR10141116_vcfstats.txt
[2022-04-15 17:43:01,650] multiqc                                            [DEBUG  ]  File ignored by hicexplorer because it exceeded search pattern filesize limit: SRR10141116_vcfstats.txt
[2022-04-15 17:43:01,650] multiqc                                            [DEBUG  ]  File ignored by lima/summary because it exceeded search pattern filesize limit: SRR10141116_vcfstats.txt
[2022-04-15 17:43:01,652] multiqc                                            [DEBUG  ]  File ignored by longranger/invocation because it exceeded search pattern filesize limit: SRR10141116_vcfstats.txt
[2022-04-15 17:43:01,663] multiqc                                            [DEBUG  ]  File ignored by nanostat because it exceeded search pattern filesize limit: SRR10141116_vcfstats.txt
[2022-04-15 17:43:01,666] multiqc                                            [DEBUG  ]  File ignored by ccs/v4 because it exceeded search pattern filesize limit: SRR10141069_vcfstats.txt
[2022-04-15 17:43:01,667] multiqc                                            [DEBUG  ]  File ignored by hicexplorer because it exceeded search pattern filesize limit: SRR10141069_vcfstats.txt
[2022-04-15 17:43:01,667] multiqc                                            [DEBUG  ]  File ignored by lima/summary because it exceeded search pattern filesize limit: SRR10141069_vcfstats.txt
[2022-04-15 17:43:01,669] multiqc                                            [DEBUG  ]  File ignored by longranger/invocation because it exceeded search pattern filesize limit: SRR10141069_vcfstats.txt
[2022-04-15 17:43:01,678] multiqc                                            [DEBUG  ]  File ignored by nanostat because it exceeded search pattern filesize limit: SRR10141069_vcfstats.txt
[2022-04-15 17:43:01,690] multiqc                                            [DEBUG  ]  File ignored by ccs/v4 because it exceeded search pattern filesize limit: SRR10141039_vcfstats.txt
[2022-04-15 17:43:01,691] multiqc                                            [DEBUG  ]  File ignored by hicexplorer because it exceeded search pattern filesize limit: SRR10141039_vcfstats.txt
[2022-04-15 17:43:01,691] multiqc                                            [DEBUG  ]  File ignored by lima/summary because it exceeded search pattern filesize limit: SRR10141039_vcfstats.txt
[2022-04-15 17:43:01,693] multiqc                                            [DEBUG  ]  File ignored by longranger/invocation because it exceeded search pattern filesize limit: SRR10141039_vcfstats.txt
[2022-04-15 17:43:01,716] multiqc                                            [DEBUG  ]  File ignored by nanostat because it exceeded search pattern filesize limit: SRR10141039_vcfstats.txt
[2022-04-15 17:43:01,720] multiqc                                            [DEBUG  ]  File ignored by ccs/v4 because it exceeded search pattern filesize limit: SRR10141097_vcfstats.txt
[2022-04-15 17:43:01,721] multiqc                                            [DEBUG  ]  File ignored by hicexplorer because it exceeded search pattern filesize limit: SRR10141097_vcfstats.txt
[2022-04-15 17:43:01,721] multiqc                                            [DEBUG  ]  File ignored by lima/summary because it exceeded search pattern filesize limit: SRR10141097_vcfstats.txt
[2022-04-15 17:43:01,723] multiqc                                            [DEBUG  ]  File ignored by longranger/invocation because it exceeded search pattern filesize limit: SRR10141097_vcfstats.txt
[2022-04-15 17:43:01,734] multiqc                                            [DEBUG  ]  File ignored by nanostat because it exceeded search pattern filesize limit: SRR10141097_vcfstats.txt
[2022-04-15 17:43:01,771] multiqc                                            [DEBUG  ]  File ignored by ccs/v4 because it exceeded search pattern filesize limit: SRR10141045_vcfstats.txt
[2022-04-15 17:43:01,772] multiqc                                            [DEBUG  ]  File ignored by hicexplorer because it exceeded search pattern filesize limit: SRR10141045_vcfstats.txt
[2022-04-15 17:43:01,772] multiqc                                            [DEBUG  ]  File ignored by lima/summary because it exceeded search pattern filesize limit: SRR10141045_vcfstats.txt
[2022-04-15 17:43:01,774] multiqc                                            [DEBUG  ]  File ignored by longranger/invocation because it exceeded search pattern filesize limit: SRR10141045_vcfstats.txt
[2022-04-15 17:43:01,801] multiqc                                            [DEBUG  ]  File ignored by nanostat because it exceeded search pattern filesize limit: SRR10141045_vcfstats.txt
[2022-04-15 17:43:01,805] multiqc                                            [DEBUG  ]  File ignored by ccs/v4 because it exceeded search pattern filesize limit: SRR10141075_vcfstats.txt
[2022-04-15 17:43:01,806] multiqc                                            [DEBUG  ]  File ignored by hicexplorer because it exceeded search pattern filesize limit: SRR10141075_vcfstats.txt
[2022-04-15 17:43:01,806] multiqc                                            [DEBUG  ]  File ignored by lima/summary because it exceeded search pattern filesize limit: SRR10141075_vcfstats.txt
[2022-04-15 17:43:01,808] multiqc                                            [DEBUG  ]  File ignored by longranger/invocation because it exceeded search pattern filesize limit: SRR10141075_vcfstats.txt
[2022-04-15 17:43:01,816] multiqc                                            [DEBUG  ]  File ignored by nanostat because it exceeded search pattern filesize limit: SRR10141075_vcfstats.txt
[2022-04-15 17:43:01,837] multiqc                                            [DEBUG  ]  File ignored by ccs/v4 because it exceeded search pattern filesize limit: SRR10141032_vcfstats.txt
[2022-04-15 17:43:01,838] multiqc                                            [DEBUG  ]  File ignored by hicexplorer because it exceeded search pattern filesize limit: SRR10141032_vcfstats.txt
[2022-04-15 17:43:01,838] multiqc                                            [DEBUG  ]  File ignored by lima/summary because it exceeded search pattern filesize limit: SRR10141032_vcfstats.txt
[2022-04-15 17:43:01,840] multiqc                                            [DEBUG  ]  File ignored by longranger/invocation because it exceeded search pattern filesize limit: SRR10141032_vcfstats.txt
[2022-04-15 17:43:01,862] multiqc                                            [DEBUG  ]  File ignored by nanostat because it exceeded search pattern filesize limit: SRR10141032_vcfstats.txt
[2022-04-15 17:43:01,866] multiqc                                            [DEBUG  ]  File ignored by ccs/v4 because it exceeded search pattern filesize limit: SRR10141090_vcfstats.txt
[2022-04-15 17:43:01,867] multiqc                                            [DEBUG  ]  File ignored by hicexplorer because it exceeded search pattern filesize limit: SRR10141090_vcfstats.txt
[2022-04-15 17:43:01,867] multiqc                                            [DEBUG  ]  File ignored by lima/summary because it exceeded search pattern filesize limit: SRR10141090_vcfstats.txt
[2022-04-15 17:43:01,869] multiqc                                            [DEBUG  ]  File ignored by longranger/invocation because it exceeded search pattern filesize limit: SRR10141090_vcfstats.txt
[2022-04-15 17:43:01,877] multiqc                                            [DEBUG  ]  File ignored by nanostat because it exceeded search pattern filesize limit: SRR10141090_vcfstats.txt
[2022-04-15 17:43:01,892] multiqc                                            [DEBUG  ]  File ignored by ccs/v4 because it exceeded search pattern filesize limit: SRR10141109_vcfstats.txt
[2022-04-15 17:43:01,893] multiqc                                            [DEBUG  ]  File ignored by hicexplorer because it exceeded search pattern filesize limit: SRR10141109_vcfstats.txt
[2022-04-15 17:43:01,893] multiqc                                            [DEBUG  ]  File ignored by lima/summary because it exceeded search pattern filesize limit: SRR10141109_vcfstats.txt
[2022-04-15 17:43:01,897] multiqc                                            [DEBUG  ]  File ignored by longranger/invocation because it exceeded search pattern filesize limit: SRR10141109_vcfstats.txt
[2022-04-15 17:43:01,907] multiqc                                            [DEBUG  ]  File ignored by nanostat because it exceeded search pattern filesize limit: SRR10141109_vcfstats.txt
[2022-04-15 17:43:01,910] multiqc                                            [DEBUG  ]  File ignored by ccs/v4 because it exceeded search pattern filesize limit: SRR10141043_vcfstats.txt
[2022-04-15 17:43:01,911] multiqc                                            [DEBUG  ]  File ignored by hicexplorer because it exceeded search pattern filesize limit: SRR10141043_vcfstats.txt
[2022-04-15 17:43:01,911] multiqc                                            [DEBUG  ]  File ignored by lima/summary because it exceeded search pattern filesize limit: SRR10141043_vcfstats.txt
[2022-04-15 17:43:01,913] multiqc                                            [DEBUG  ]  File ignored by longranger/invocation because it exceeded search pattern filesize limit: SRR10141043_vcfstats.txt
[2022-04-15 17:43:01,937] multiqc                                            [DEBUG  ]  File ignored by nanostat because it exceeded search pattern filesize limit: SRR10141043_vcfstats.txt
[2022-04-15 17:43:01,947] multiqc                                            [DEBUG  ]  File ignored by ccs/v4 because it exceeded search pattern filesize limit: SRR10141065_vcfstats.txt
[2022-04-15 17:43:01,948] multiqc                                            [DEBUG  ]  File ignored by hicexplorer because it exceeded search pattern filesize limit: SRR10141065_vcfstats.txt
[2022-04-15 17:43:01,948] multiqc                                            [DEBUG  ]  File ignored by lima/summary because it exceeded search pattern filesize limit: SRR10141065_vcfstats.txt
[2022-04-15 17:43:01,949] multiqc                                            [DEBUG  ]  File ignored by longranger/invocation because it exceeded search pattern filesize limit: SRR10141065_vcfstats.txt
[2022-04-15 17:43:01,971] multiqc                                            [DEBUG  ]  File ignored by nanostat because it exceeded search pattern filesize limit: SRR10141065_vcfstats.txt
[2022-04-15 17:43:01,980] multiqc                                            [DEBUG  ]  File ignored by ccs/v4 because it exceeded search pattern filesize limit: SRR10141053_vcfstats.txt
[2022-04-15 17:43:01,981] multiqc                                            [DEBUG  ]  File ignored by hicexplorer because it exceeded search pattern filesize limit: SRR10141053_vcfstats.txt
[2022-04-15 17:43:01,981] multiqc                                            [DEBUG  ]  File ignored by lima/summary because it exceeded search pattern filesize limit: SRR10141053_vcfstats.txt
[2022-04-15 17:43:01,983] multiqc                                            [DEBUG  ]  File ignored by longranger/invocation because it exceeded search pattern filesize limit: SRR10141053_vcfstats.txt
[2022-04-15 17:43:02,012] multiqc                                            [DEBUG  ]  File ignored by nanostat because it exceeded search pattern filesize limit: SRR10141053_vcfstats.txt
[2022-04-15 17:43:02,016] multiqc                                            [DEBUG  ]  File ignored by ccs/v4 because it exceeded search pattern filesize limit: SRR10141051_vcfstats.txt
[2022-04-15 17:43:02,017] multiqc                                            [DEBUG  ]  File ignored by hicexplorer because it exceeded search pattern filesize limit: SRR10141051_vcfstats.txt
[2022-04-15 17:43:02,017] multiqc                                            [DEBUG  ]  File ignored by lima/summary because it exceeded search pattern filesize limit: SRR10141051_vcfstats.txt
[2022-04-15 17:43:02,019] multiqc                                            [DEBUG  ]  File ignored by longranger/invocation because it exceeded search pattern filesize limit: SRR10141051_vcfstats.txt
[2022-04-15 17:43:02,041] multiqc                                            [DEBUG  ]  File ignored by nanostat because it exceeded search pattern filesize limit: SRR10141051_vcfstats.txt
[2022-04-15 17:43:02,044] multiqc                                            [DEBUG  ]  File ignored by ccs/v4 because it exceeded search pattern filesize limit: SRR10141055_vcfstats.txt
[2022-04-15 17:43:02,045] multiqc                                            [DEBUG  ]  File ignored by hicexplorer because it exceeded search pattern filesize limit: SRR10141055_vcfstats.txt
[2022-04-15 17:43:02,045] multiqc                                            [DEBUG  ]  File ignored by lima/summary because it exceeded search pattern filesize limit: SRR10141055_vcfstats.txt
[2022-04-15 17:43:02,047] multiqc                                            [DEBUG  ]  File ignored by longranger/invocation because it exceeded search pattern filesize limit: SRR10141055_vcfstats.txt
[2022-04-15 17:43:02,071] multiqc                                            [DEBUG  ]  File ignored by nanostat because it exceeded search pattern filesize limit: SRR10141055_vcfstats.txt
[2022-04-15 17:43:02,087] multiqc                                            [DEBUG  ]  File ignored by ccs/v4 because it exceeded search pattern filesize limit: SRR10141063_vcfstats.txt
[2022-04-15 17:43:02,087] multiqc                                            [DEBUG  ]  File ignored by hicexplorer because it exceeded search pattern filesize limit: SRR10141063_vcfstats.txt
[2022-04-15 17:43:02,088] multiqc                                            [DEBUG  ]  File ignored by lima/summary because it exceeded search pattern filesize limit: SRR10141063_vcfstats.txt
[2022-04-15 17:43:02,089] multiqc                                            [DEBUG  ]  File ignored by longranger/invocation because it exceeded search pattern filesize limit: SRR10141063_vcfstats.txt
[2022-04-15 17:43:02,099] multiqc                                            [DEBUG  ]  File ignored by nanostat because it exceeded search pattern filesize limit: SRR10141063_vcfstats.txt
[2022-04-15 17:43:02,105] multiqc                                            [DEBUG  ]  File ignored by ccs/v4 because it exceeded search pattern filesize limit: SRR10141117_vcfstats.txt
[2022-04-15 17:43:02,106] multiqc                                            [DEBUG  ]  File ignored by hicexplorer because it exceeded search pattern filesize limit: SRR10141117_vcfstats.txt
[2022-04-15 17:43:02,106] multiqc                                            [DEBUG  ]  File ignored by lima/summary because it exceeded search pattern filesize limit: SRR10141117_vcfstats.txt
[2022-04-15 17:43:02,107] multiqc                                            [DEBUG  ]  File ignored by longranger/invocation because it exceeded search pattern filesize limit: SRR10141117_vcfstats.txt
[2022-04-15 17:43:02,119] multiqc                                            [DEBUG  ]  File ignored by nanostat because it exceeded search pattern filesize limit: SRR10141117_vcfstats.txt
[2022-04-15 17:43:02,139] multiqc                                            [DEBUG  ]  File ignored by ccs/v4 because it exceeded search pattern filesize limit: SRR10141093_vcfstats.txt
[2022-04-15 17:43:02,140] multiqc                                            [DEBUG  ]  File ignored by hicexplorer because it exceeded search pattern filesize limit: SRR10141093_vcfstats.txt
[2022-04-15 17:43:02,140] multiqc                                            [DEBUG  ]  File ignored by lima/summary because it exceeded search pattern filesize limit: SRR10141093_vcfstats.txt
[2022-04-15 17:43:02,142] multiqc                                            [DEBUG  ]  File ignored by longranger/invocation because it exceeded search pattern filesize limit: SRR10141093_vcfstats.txt
[2022-04-15 17:43:02,151] multiqc                                            [DEBUG  ]  File ignored by nanostat because it exceeded search pattern filesize limit: SRR10141093_vcfstats.txt
[2022-04-15 17:43:02,155] multiqc                                            [DEBUG  ]  File ignored by ccs/v4 because it exceeded search pattern filesize limit: SRR10141066_vcfstats.txt
[2022-04-15 17:43:02,155] multiqc                                            [DEBUG  ]  File ignored by hicexplorer because it exceeded search pattern filesize limit: SRR10141066_vcfstats.txt
[2022-04-15 17:43:02,155] multiqc                                            [DEBUG  ]  File ignored by lima/summary because it exceeded search pattern filesize limit: SRR10141066_vcfstats.txt
[2022-04-15 17:43:02,157] multiqc                                            [DEBUG  ]  File ignored by longranger/invocation because it exceeded search pattern filesize limit: SRR10141066_vcfstats.txt
[2022-04-15 17:43:02,181] multiqc                                            [DEBUG  ]  File ignored by nanostat because it exceeded search pattern filesize limit: SRR10141066_vcfstats.txt
[2022-04-15 17:43:02,197] multiqc                                            [DEBUG  ]  File ignored by ccs/v4 because it exceeded search pattern filesize limit: SRR10141107_vcfstats.txt
[2022-04-15 17:43:02,197] multiqc                                            [DEBUG  ]  File ignored by hicexplorer because it exceeded search pattern filesize limit: SRR10141107_vcfstats.txt
[2022-04-15 17:43:02,198] multiqc                                            [DEBUG  ]  File ignored by lima/summary because it exceeded search pattern filesize limit: SRR10141107_vcfstats.txt
[2022-04-15 17:43:02,199] multiqc                                            [DEBUG  ]  File ignored by longranger/invocation because it exceeded search pattern filesize limit: SRR10141107_vcfstats.txt
[2022-04-15 17:43:02,212] multiqc                                            [DEBUG  ]  File ignored by nanostat because it exceeded search pattern filesize limit: SRR10141107_vcfstats.txt
[2022-04-15 17:43:02,216] multiqc                                            [DEBUG  ]  File ignored by ccs/v4 because it exceeded search pattern filesize limit: SRR10141050_vcfstats.txt
[2022-04-15 17:43:02,216] multiqc                                            [DEBUG  ]  File ignored by hicexplorer because it exceeded search pattern filesize limit: SRR10141050_vcfstats.txt
[2022-04-15 17:43:02,217] multiqc                                            [DEBUG  ]  File ignored by lima/summary because it exceeded search pattern filesize limit: SRR10141050_vcfstats.txt
[2022-04-15 17:43:02,218] multiqc                                            [DEBUG  ]  File ignored by longranger/invocation because it exceeded search pattern filesize limit: SRR10141050_vcfstats.txt
[2022-04-15 17:43:02,242] multiqc                                            [DEBUG  ]  File ignored by nanostat because it exceeded search pattern filesize limit: SRR10141050_vcfstats.txt
[2022-04-15 17:43:02,246] multiqc                                            [DEBUG  ]  File ignored by ccs/v4 because it exceeded search pattern filesize limit: SRR10141072_vcfstats.txt
[2022-04-15 17:43:02,247] multiqc                                            [DEBUG  ]  File ignored by hicexplorer because it exceeded search pattern filesize limit: SRR10141072_vcfstats.txt
[2022-04-15 17:43:02,247] multiqc                                            [DEBUG  ]  File ignored by lima/summary because it exceeded search pattern filesize limit: SRR10141072_vcfstats.txt
[2022-04-15 17:43:02,249] multiqc                                            [DEBUG  ]  File ignored by longranger/invocation because it exceeded search pattern filesize limit: SRR10141072_vcfstats.txt
[2022-04-15 17:43:02,258] multiqc                                            [DEBUG  ]  File ignored by nanostat because it exceeded search pattern filesize limit: SRR10141072_vcfstats.txt
[2022-04-15 17:43:02,267] multiqc                                            [DEBUG  ]  File ignored by ccs/v4 because it exceeded search pattern filesize limit: SRR10141059_vcfstats.txt
[2022-04-15 17:43:02,267] multiqc                                            [DEBUG  ]  File ignored by hicexplorer because it exceeded search pattern filesize limit: SRR10141059_vcfstats.txt
[2022-04-15 17:43:02,268] multiqc                                            [DEBUG  ]  File ignored by lima/summary because it exceeded search pattern filesize limit: SRR10141059_vcfstats.txt
[2022-04-15 17:43:02,269] multiqc                                            [DEBUG  ]  File ignored by longranger/invocation because it exceeded search pattern filesize limit: SRR10141059_vcfstats.txt
[2022-04-15 17:43:02,289] multiqc                                            [DEBUG  ]  File ignored by nanostat because it exceeded search pattern filesize limit: SRR10141059_vcfstats.txt
[2022-04-15 17:43:02,305] multiqc                                            [DEBUG  ]  File ignored by ccs/v4 because it exceeded search pattern filesize limit: SRR10141095_vcfstats.txt
[2022-04-15 17:43:02,305] multiqc                                            [DEBUG  ]  File ignored by hicexplorer because it exceeded search pattern filesize limit: SRR10141095_vcfstats.txt
[2022-04-15 17:43:02,306] multiqc                                            [DEBUG  ]  File ignored by lima/summary because it exceeded search pattern filesize limit: SRR10141095_vcfstats.txt
[2022-04-15 17:43:02,307] multiqc                                            [DEBUG  ]  File ignored by longranger/invocation because it exceeded search pattern filesize limit: SRR10141095_vcfstats.txt
[2022-04-15 17:43:02,320] multiqc                                            [DEBUG  ]  File ignored by nanostat because it exceeded search pattern filesize limit: SRR10141095_vcfstats.txt
[2022-04-15 17:43:02,324] multiqc                                            [DEBUG  ]  File ignored by ccs/v4 because it exceeded search pattern filesize limit: SRR10141048_vcfstats.txt
[2022-04-15 17:43:02,325] multiqc                                            [DEBUG  ]  File ignored by hicexplorer because it exceeded search pattern filesize limit: SRR10141048_vcfstats.txt
[2022-04-15 17:43:02,325] multiqc                                            [DEBUG  ]  File ignored by lima/summary because it exceeded search pattern filesize limit: SRR10141048_vcfstats.txt
[2022-04-15 17:43:02,326] multiqc                                            [DEBUG  ]  File ignored by longranger/invocation because it exceeded search pattern filesize limit: SRR10141048_vcfstats.txt
[2022-04-15 17:43:02,349] multiqc                                            [DEBUG  ]  File ignored by nanostat because it exceeded search pattern filesize limit: SRR10141048_vcfstats.txt
[2022-04-15 17:43:02,358] multiqc                                            [DEBUG  ]  File ignored by ccs/v4 because it exceeded search pattern filesize limit: SRR10141083_vcfstats.txt
[2022-04-15 17:43:02,359] multiqc                                            [DEBUG  ]  File ignored by hicexplorer because it exceeded search pattern filesize limit: SRR10141083_vcfstats.txt
[2022-04-15 17:43:02,359] multiqc                                            [DEBUG  ]  File ignored by lima/summary because it exceeded search pattern filesize limit: SRR10141083_vcfstats.txt
[2022-04-15 17:43:02,361] multiqc                                            [DEBUG  ]  File ignored by longranger/invocation because it exceeded search pattern filesize limit: SRR10141083_vcfstats.txt
[2022-04-15 17:43:02,381] multiqc                                            [DEBUG  ]  File ignored by nanostat because it exceeded search pattern filesize limit: SRR10141083_vcfstats.txt
[2022-04-15 17:43:02,385] multiqc                                            [DEBUG  ]  File ignored by ccs/v4 because it exceeded search pattern filesize limit: SRR10141026_vcfstats.txt
[2022-04-15 17:43:02,386] multiqc                                            [DEBUG  ]  File ignored by hicexplorer because it exceeded search pattern filesize limit: SRR10141026_vcfstats.txt
[2022-04-15 17:43:02,386] multiqc                                            [DEBUG  ]  File ignored by lima/summary because it exceeded search pattern filesize limit: SRR10141026_vcfstats.txt
[2022-04-15 17:43:02,387] multiqc                                            [DEBUG  ]  File ignored by longranger/invocation because it exceeded search pattern filesize limit: SRR10141026_vcfstats.txt
[2022-04-15 17:43:02,410] multiqc                                            [DEBUG  ]  File ignored by nanostat because it exceeded search pattern filesize limit: SRR10141026_vcfstats.txt
[2022-04-15 17:43:02,418] multiqc                                            [DEBUG  ]  File ignored by ccs/v4 because it exceeded search pattern filesize limit: SRR10141098_vcfstats.txt
[2022-04-15 17:43:02,418] multiqc                                            [DEBUG  ]  File ignored by hicexplorer because it exceeded search pattern filesize limit: SRR10141098_vcfstats.txt
[2022-04-15 17:43:02,419] multiqc                                            [DEBUG  ]  File ignored by lima/summary because it exceeded search pattern filesize limit: SRR10141098_vcfstats.txt
[2022-04-15 17:43:02,420] multiqc                                            [DEBUG  ]  File ignored by longranger/invocation because it exceeded search pattern filesize limit: SRR10141098_vcfstats.txt
[2022-04-15 17:43:02,430] multiqc                                            [DEBUG  ]  File ignored by nanostat because it exceeded search pattern filesize limit: SRR10141098_vcfstats.txt
[2022-04-15 17:43:02,433] multiqc                                            [DEBUG  ]  File ignored by ccs/v4 because it exceeded search pattern filesize limit: SRR10141114_vcfstats.txt
[2022-04-15 17:43:02,434] multiqc                                            [DEBUG  ]  File ignored by hicexplorer because it exceeded search pattern filesize limit: SRR10141114_vcfstats.txt
[2022-04-15 17:43:02,434] multiqc                                            [DEBUG  ]  File ignored by lima/summary because it exceeded search pattern filesize limit: SRR10141114_vcfstats.txt
[2022-04-15 17:43:02,435] multiqc                                            [DEBUG  ]  File ignored by longranger/invocation because it exceeded search pattern filesize limit: SRR10141114_vcfstats.txt
[2022-04-15 17:43:02,443] multiqc                                            [DEBUG  ]  File ignored by nanostat because it exceeded search pattern filesize limit: SRR10141114_vcfstats.txt
[2022-04-15 17:43:02,446] multiqc                                            [DEBUG  ]  File ignored by ccs/v4 because it exceeded search pattern filesize limit: SRR10141071_vcfstats.txt
[2022-04-15 17:43:02,447] multiqc                                            [DEBUG  ]  File ignored by hicexplorer because it exceeded search pattern filesize limit: SRR10141071_vcfstats.txt
[2022-04-15 17:43:02,447] multiqc                                            [DEBUG  ]  File ignored by lima/summary because it exceeded search pattern filesize limit: SRR10141071_vcfstats.txt
[2022-04-15 17:43:02,448] multiqc                                            [DEBUG  ]  File ignored by longranger/invocation because it exceeded search pattern filesize limit: SRR10141071_vcfstats.txt
[2022-04-15 17:43:02,471] multiqc                                            [DEBUG  ]  File ignored by nanostat because it exceeded search pattern filesize limit: SRR10141071_vcfstats.txt
[2022-04-15 17:43:02,481] multiqc                                            [DEBUG  ]  File ignored by ccs/v4 because it exceeded search pattern filesize limit: SRR10141044_vcfstats.txt
[2022-04-15 17:43:02,482] multiqc                                            [DEBUG  ]  File ignored by hicexplorer because it exceeded search pattern filesize limit: SRR10141044_vcfstats.txt
[2022-04-15 17:43:02,482] multiqc                                            [DEBUG  ]  File ignored by lima/summary because it exceeded search pattern filesize limit: SRR10141044_vcfstats.txt
[2022-04-15 17:43:02,483] multiqc                                            [DEBUG  ]  File ignored by longranger/invocation because it exceeded search pattern filesize limit: SRR10141044_vcfstats.txt
[2022-04-15 17:43:02,506] multiqc                                            [DEBUG  ]  File ignored by nanostat because it exceeded search pattern filesize limit: SRR10141044_vcfstats.txt
[2022-04-15 17:43:02,531] multiqc                                            [DEBUG  ]  File ignored by ccs/v4 because it exceeded search pattern filesize limit: SRR10141057_vcfstats.txt
[2022-04-15 17:43:02,532] multiqc                                            [DEBUG  ]  File ignored by hicexplorer because it exceeded search pattern filesize limit: SRR10141057_vcfstats.txt
[2022-04-15 17:43:02,532] multiqc                                            [DEBUG  ]  File ignored by lima/summary because it exceeded search pattern filesize limit: SRR10141057_vcfstats.txt
[2022-04-15 17:43:02,534] multiqc                                            [DEBUG  ]  File ignored by longranger/invocation because it exceeded search pattern filesize limit: SRR10141057_vcfstats.txt
[2022-04-15 17:43:02,558] multiqc                                            [DEBUG  ]  File ignored by nanostat because it exceeded search pattern filesize limit: SRR10141057_vcfstats.txt
[2022-04-15 17:43:02,562] multiqc                                            [DEBUG  ]  File ignored by ccs/v4 because it exceeded search pattern filesize limit: SRR10141089_vcfstats.txt
[2022-04-15 17:43:02,563] multiqc                                            [DEBUG  ]  File ignored by hicexplorer because it exceeded search pattern filesize limit: SRR10141089_vcfstats.txt
[2022-04-15 17:43:02,563] multiqc                                            [DEBUG  ]  File ignored by lima/summary because it exceeded search pattern filesize limit: SRR10141089_vcfstats.txt
[2022-04-15 17:43:02,564] multiqc                                            [DEBUG  ]  File ignored by longranger/invocation because it exceeded search pattern filesize limit: SRR10141089_vcfstats.txt
[2022-04-15 17:43:02,573] multiqc                                            [DEBUG  ]  File ignored by nanostat because it exceeded search pattern filesize limit: SRR10141089_vcfstats.txt
[2022-04-15 17:43:02,600] multiqc                                            [DEBUG  ]  File ignored by ccs/v4 because it exceeded search pattern filesize limit: SRR10141029_vcfstats.txt
[2022-04-15 17:43:02,600] multiqc                                            [DEBUG  ]  File ignored by hicexplorer because it exceeded search pattern filesize limit: SRR10141029_vcfstats.txt
[2022-04-15 17:43:02,601] multiqc                                            [DEBUG  ]  File ignored by lima/summary because it exceeded search pattern filesize limit: SRR10141029_vcfstats.txt
[2022-04-15 17:43:02,602] multiqc                                            [DEBUG  ]  File ignored by longranger/invocation because it exceeded search pattern filesize limit: SRR10141029_vcfstats.txt
[2022-04-15 17:43:02,630] multiqc                                            [DEBUG  ]  File ignored by nanostat because it exceeded search pattern filesize limit: SRR10141029_vcfstats.txt
[2022-04-15 17:43:02,634] multiqc                                            [DEBUG  ]  File ignored by ccs/v4 because it exceeded search pattern filesize limit: SRR10141041_vcfstats.txt
[2022-04-15 17:43:02,635] multiqc                                            [DEBUG  ]  File ignored by hicexplorer because it exceeded search pattern filesize limit: SRR10141041_vcfstats.txt
[2022-04-15 17:43:02,635] multiqc                                            [DEBUG  ]  File ignored by lima/summary because it exceeded search pattern filesize limit: SRR10141041_vcfstats.txt
[2022-04-15 17:43:02,637] multiqc                                            [DEBUG  ]  File ignored by longranger/invocation because it exceeded search pattern filesize limit: SRR10141041_vcfstats.txt
[2022-04-15 17:43:02,647] multiqc                                            [DEBUG  ]  File ignored by nanostat because it exceeded search pattern filesize limit: SRR10141041_vcfstats.txt
[2022-04-15 17:43:02,656] multiqc                                            [DEBUG  ]  File ignored by ccs/v4 because it exceeded search pattern filesize limit: SRR10141064_vcfstats.txt
[2022-04-15 17:43:02,656] multiqc                                            [DEBUG  ]  File ignored by hicexplorer because it exceeded search pattern filesize limit: SRR10141064_vcfstats.txt
[2022-04-15 17:43:02,657] multiqc                                            [DEBUG  ]  File ignored by lima/summary because it exceeded search pattern filesize limit: SRR10141064_vcfstats.txt
[2022-04-15 17:43:02,658] multiqc                                            [DEBUG  ]  File ignored by longranger/invocation because it exceeded search pattern filesize limit: SRR10141064_vcfstats.txt
[2022-04-15 17:43:02,680] multiqc                                            [DEBUG  ]  File ignored by nanostat because it exceeded search pattern filesize limit: SRR10141064_vcfstats.txt
[2022-04-15 17:43:02,684] multiqc                                            [DEBUG  ]  File ignored by ccs/v4 because it exceeded search pattern filesize limit: SRR10141042_vcfstats.txt
[2022-04-15 17:43:02,685] multiqc                                            [DEBUG  ]  File ignored by hicexplorer because it exceeded search pattern filesize limit: SRR10141042_vcfstats.txt
[2022-04-15 17:43:02,685] multiqc                                            [DEBUG  ]  File ignored by lima/summary because it exceeded search pattern filesize limit: SRR10141042_vcfstats.txt
[2022-04-15 17:43:02,687] multiqc                                            [DEBUG  ]  File ignored by longranger/invocation because it exceeded search pattern filesize limit: SRR10141042_vcfstats.txt
[2022-04-15 17:43:02,708] multiqc                                            [DEBUG  ]  File ignored by nanostat because it exceeded search pattern filesize limit: SRR10141042_vcfstats.txt
[2022-04-15 17:43:02,712] multiqc                                            [DEBUG  ]  File ignored by ccs/v4 because it exceeded search pattern filesize limit: SRR10141119_vcfstats.txt
[2022-04-15 17:43:02,713] multiqc                                            [DEBUG  ]  File ignored by hicexplorer because it exceeded search pattern filesize limit: SRR10141119_vcfstats.txt
[2022-04-15 17:43:02,713] multiqc                                            [DEBUG  ]  File ignored by lima/summary because it exceeded search pattern filesize limit: SRR10141119_vcfstats.txt
[2022-04-15 17:43:02,715] multiqc                                            [DEBUG  ]  File ignored by longranger/invocation because it exceeded search pattern filesize limit: SRR10141119_vcfstats.txt
[2022-04-15 17:43:02,727] multiqc                                            [DEBUG  ]  File ignored by nanostat because it exceeded search pattern filesize limit: SRR10141119_vcfstats.txt
[2022-04-15 17:43:02,731] multiqc                                            [DEBUG  ]  File ignored by ccs/v4 because it exceeded search pattern filesize limit: SRR10141080_vcfstats.txt
[2022-04-15 17:43:02,732] multiqc                                            [DEBUG  ]  File ignored by hicexplorer because it exceeded search pattern filesize limit: SRR10141080_vcfstats.txt
[2022-04-15 17:43:02,732] multiqc                                            [DEBUG  ]  File ignored by lima/summary because it exceeded search pattern filesize limit: SRR10141080_vcfstats.txt
[2022-04-15 17:43:02,733] multiqc                                            [DEBUG  ]  File ignored by longranger/invocation because it exceeded search pattern filesize limit: SRR10141080_vcfstats.txt
[2022-04-15 17:43:02,744] multiqc                                            [DEBUG  ]  File ignored by nanostat because it exceeded search pattern filesize limit: SRR10141080_vcfstats.txt
[2022-04-15 17:43:02,747] multiqc                                            [DEBUG  ]  File ignored by ccs/v4 because it exceeded search pattern filesize limit: SRR10141056_vcfstats.txt
[2022-04-15 17:43:02,748] multiqc                                            [DEBUG  ]  File ignored by hicexplorer because it exceeded search pattern filesize limit: SRR10141056_vcfstats.txt
[2022-04-15 17:43:02,748] multiqc                                            [DEBUG  ]  File ignored by lima/summary because it exceeded search pattern filesize limit: SRR10141056_vcfstats.txt
[2022-04-15 17:43:02,750] multiqc                                            [DEBUG  ]  File ignored by longranger/invocation because it exceeded search pattern filesize limit: SRR10141056_vcfstats.txt
[2022-04-15 17:43:02,771] multiqc                                            [DEBUG  ]  File ignored by nanostat because it exceeded search pattern filesize limit: SRR10141056_vcfstats.txt
[2022-04-15 17:43:02,781] multiqc                                            [DEBUG  ]  File ignored by ccs/v4 because it exceeded search pattern filesize limit: SRR10141052_vcfstats.txt
[2022-04-15 17:43:02,782] multiqc                                            [DEBUG  ]  File ignored by hicexplorer because it exceeded search pattern filesize limit: SRR10141052_vcfstats.txt
[2022-04-15 17:43:02,782] multiqc                                            [DEBUG  ]  File ignored by lima/summary because it exceeded search pattern filesize limit: SRR10141052_vcfstats.txt
[2022-04-15 17:43:02,784] multiqc                                            [DEBUG  ]  File ignored by longranger/invocation because it exceeded search pattern filesize limit: SRR10141052_vcfstats.txt
[2022-04-15 17:43:02,793] multiqc                                            [DEBUG  ]  File ignored by nanostat because it exceeded search pattern filesize limit: SRR10141052_vcfstats.txt
[2022-04-15 17:43:02,814] multiqc                                            [DEBUG  ]  File ignored by ccs/v4 because it exceeded search pattern filesize limit: SRR10141077_vcfstats.txt
[2022-04-15 17:43:02,815] multiqc                                            [DEBUG  ]  File ignored by hicexplorer because it exceeded search pattern filesize limit: SRR10141077_vcfstats.txt
[2022-04-15 17:43:02,815] multiqc                                            [DEBUG  ]  File ignored by lima/summary because it exceeded search pattern filesize limit: SRR10141077_vcfstats.txt
[2022-04-15 17:43:02,816] multiqc                                            [DEBUG  ]  File ignored by longranger/invocation because it exceeded search pattern filesize limit: SRR10141077_vcfstats.txt
[2022-04-15 17:43:02,829] multiqc                                            [DEBUG  ]  File ignored by nanostat because it exceeded search pattern filesize limit: SRR10141077_vcfstats.txt
[2022-04-15 17:43:02,856] multiqc                                            [DEBUG  ]  File ignored by ccs/v4 because it exceeded search pattern filesize limit: SRR10141036_vcfstats.txt
[2022-04-15 17:43:02,857] multiqc                                            [DEBUG  ]  File ignored by hicexplorer because it exceeded search pattern filesize limit: SRR10141036_vcfstats.txt
[2022-04-15 17:43:02,857] multiqc                                            [DEBUG  ]  File ignored by lima/summary because it exceeded search pattern filesize limit: SRR10141036_vcfstats.txt
[2022-04-15 17:43:02,858] multiqc                                            [DEBUG  ]  File ignored by longranger/invocation because it exceeded search pattern filesize limit: SRR10141036_vcfstats.txt
[2022-04-15 17:43:02,883] multiqc                                            [DEBUG  ]  File ignored by nanostat because it exceeded search pattern filesize limit: SRR10141036_vcfstats.txt
[2022-04-15 17:43:02,893] multiqc                                            [DEBUG  ]  File ignored by ccs/v4 because it exceeded search pattern filesize limit: SRR10141074_vcfstats.txt
[2022-04-15 17:43:02,894] multiqc                                            [DEBUG  ]  File ignored by hicexplorer because it exceeded search pattern filesize limit: SRR10141074_vcfstats.txt
[2022-04-15 17:43:02,894] multiqc                                            [DEBUG  ]  File ignored by lima/summary because it exceeded search pattern filesize limit: SRR10141074_vcfstats.txt
[2022-04-15 17:43:02,895] multiqc                                            [DEBUG  ]  File ignored by longranger/invocation because it exceeded search pattern filesize limit: SRR10141074_vcfstats.txt
[2022-04-15 17:43:02,904] multiqc                                            [DEBUG  ]  File ignored by nanostat because it exceeded search pattern filesize limit: SRR10141074_vcfstats.txt
[2022-04-15 17:43:02,913] multiqc                                            [DEBUG  ]  File ignored by ccs/v4 because it exceeded search pattern filesize limit: SRR10141113_vcfstats.txt
[2022-04-15 17:43:02,914] multiqc                                            [DEBUG  ]  File ignored by hicexplorer because it exceeded search pattern filesize limit: SRR10141113_vcfstats.txt
[2022-04-15 17:43:02,914] multiqc                                            [DEBUG  ]  File ignored by lima/summary because it exceeded search pattern filesize limit: SRR10141113_vcfstats.txt
[2022-04-15 17:43:02,915] multiqc                                            [DEBUG  ]  File ignored by longranger/invocation because it exceeded search pattern filesize limit: SRR10141113_vcfstats.txt
[2022-04-15 17:43:02,924] multiqc                                            [DEBUG  ]  File ignored by nanostat because it exceeded search pattern filesize limit: SRR10141113_vcfstats.txt
[2022-04-15 17:43:02,927] multiqc                                            [DEBUG  ]  File ignored by ccs/v4 because it exceeded search pattern filesize limit: SRR10141084_vcfstats.txt
[2022-04-15 17:43:02,928] multiqc                                            [DEBUG  ]  File ignored by hicexplorer because it exceeded search pattern filesize limit: SRR10141084_vcfstats.txt
[2022-04-15 17:43:02,928] multiqc                                            [DEBUG  ]  File ignored by lima/summary because it exceeded search pattern filesize limit: SRR10141084_vcfstats.txt
[2022-04-15 17:43:02,933] multiqc                                            [DEBUG  ]  File ignored by longranger/invocation because it exceeded search pattern filesize limit: SRR10141084_vcfstats.txt
[2022-04-15 17:43:02,940] multiqc                                            [DEBUG  ]  File ignored by nanostat because it exceeded search pattern filesize limit: SRR10141084_vcfstats.txt
[2022-04-15 17:43:02,944] multiqc                                            [DEBUG  ]  File ignored by ccs/v4 because it exceeded search pattern filesize limit: SRR10141031_vcfstats.txt
[2022-04-15 17:43:02,944] multiqc                                            [DEBUG  ]  File ignored by hicexplorer because it exceeded search pattern filesize limit: SRR10141031_vcfstats.txt
[2022-04-15 17:43:02,944] multiqc                                            [DEBUG  ]  File ignored by lima/summary because it exceeded search pattern filesize limit: SRR10141031_vcfstats.txt
[2022-04-15 17:43:02,946] multiqc                                            [DEBUG  ]  File ignored by longranger/invocation because it exceeded search pattern filesize limit: SRR10141031_vcfstats.txt
[2022-04-15 17:43:02,967] multiqc                                            [DEBUG  ]  File ignored by nanostat because it exceeded search pattern filesize limit: SRR10141031_vcfstats.txt
[2022-04-15 17:43:02,971] multiqc                                            [DEBUG  ]  File ignored by ccs/v4 because it exceeded search pattern filesize limit: SRR10141067_vcfstats.txt
[2022-04-15 17:43:02,972] multiqc                                            [DEBUG  ]  File ignored by hicexplorer because it exceeded search pattern filesize limit: SRR10141067_vcfstats.txt
[2022-04-15 17:43:02,972] multiqc                                            [DEBUG  ]  File ignored by lima/summary because it exceeded search pattern filesize limit: SRR10141067_vcfstats.txt
[2022-04-15 17:43:02,973] multiqc                                            [DEBUG  ]  File ignored by longranger/invocation because it exceeded search pattern filesize limit: SRR10141067_vcfstats.txt
[2022-04-15 17:43:02,995] multiqc                                            [DEBUG  ]  File ignored by nanostat because it exceeded search pattern filesize limit: SRR10141067_vcfstats.txt
[2022-04-15 17:43:02,999] multiqc                                            [DEBUG  ]  File ignored by ccs/v4 because it exceeded search pattern filesize limit: SRR10141091_vcfstats.txt
[2022-04-15 17:43:02,999] multiqc                                            [DEBUG  ]  File ignored by hicexplorer because it exceeded search pattern filesize limit: SRR10141091_vcfstats.txt
[2022-04-15 17:43:03,000] multiqc                                            [DEBUG  ]  File ignored by lima/summary because it exceeded search pattern filesize limit: SRR10141091_vcfstats.txt
[2022-04-15 17:43:03,001] multiqc                                            [DEBUG  ]  File ignored by longranger/invocation because it exceeded search pattern filesize limit: SRR10141091_vcfstats.txt
[2022-04-15 17:43:03,011] multiqc                                            [DEBUG  ]  File ignored by nanostat because it exceeded search pattern filesize limit: SRR10141091_vcfstats.txt
[2022-04-15 17:43:03,014] multiqc                                            [DEBUG  ]  File ignored by ccs/v4 because it exceeded search pattern filesize limit: SRR10141037_vcfstats.txt
[2022-04-15 17:43:03,015] multiqc                                            [DEBUG  ]  File ignored by hicexplorer because it exceeded search pattern filesize limit: SRR10141037_vcfstats.txt
[2022-04-15 17:43:03,015] multiqc                                            [DEBUG  ]  File ignored by lima/summary because it exceeded search pattern filesize limit: SRR10141037_vcfstats.txt
[2022-04-15 17:43:03,017] multiqc                                            [DEBUG  ]  File ignored by longranger/invocation because it exceeded search pattern filesize limit: SRR10141037_vcfstats.txt
[2022-04-15 17:43:03,045] multiqc                                            [DEBUG  ]  File ignored by nanostat because it exceeded search pattern filesize limit: SRR10141037_vcfstats.txt
[2022-04-15 17:43:03,049] multiqc                                            [DEBUG  ]  File ignored by ccs/v4 because it exceeded search pattern filesize limit: SRR10141035_vcfstats.txt
[2022-04-15 17:43:03,050] multiqc                                            [DEBUG  ]  File ignored by hicexplorer because it exceeded search pattern filesize limit: SRR10141035_vcfstats.txt
[2022-04-15 17:43:03,050] multiqc                                            [DEBUG  ]  File ignored by lima/summary because it exceeded search pattern filesize limit: SRR10141035_vcfstats.txt
[2022-04-15 17:43:03,052] multiqc                                            [DEBUG  ]  File ignored by longranger/invocation because it exceeded search pattern filesize limit: SRR10141035_vcfstats.txt
[2022-04-15 17:43:03,073] multiqc                                            [DEBUG  ]  File ignored by nanostat because it exceeded search pattern filesize limit: SRR10141035_vcfstats.txt
[2022-04-15 17:43:03,077] multiqc                                            [DEBUG  ]  File ignored by ccs/v4 because it exceeded search pattern filesize limit: SRR10141085_vcfstats.txt
[2022-04-15 17:43:03,078] multiqc                                            [DEBUG  ]  File ignored by hicexplorer because it exceeded search pattern filesize limit: SRR10141085_vcfstats.txt
[2022-04-15 17:43:03,078] multiqc                                            [DEBUG  ]  File ignored by lima/summary because it exceeded search pattern filesize limit: SRR10141085_vcfstats.txt
[2022-04-15 17:43:03,080] multiqc                                            [DEBUG  ]  File ignored by longranger/invocation because it exceeded search pattern filesize limit: SRR10141085_vcfstats.txt
[2022-04-15 17:43:03,093] multiqc                                            [DEBUG  ]  File ignored by nanostat because it exceeded search pattern filesize limit: SRR10141085_vcfstats.txt
[2022-04-15 17:43:03,115] multiqc                                            [DEBUG  ]  File ignored by ccs/v4 because it exceeded search pattern filesize limit: SRR10141092_vcfstats.txt
[2022-04-15 17:43:03,115] multiqc                                            [DEBUG  ]  File ignored by hicexplorer because it exceeded search pattern filesize limit: SRR10141092_vcfstats.txt
[2022-04-15 17:43:03,116] multiqc                                            [DEBUG  ]  File ignored by lima/summary because it exceeded search pattern filesize limit: SRR10141092_vcfstats.txt
[2022-04-15 17:43:03,117] multiqc                                            [DEBUG  ]  File ignored by longranger/invocation because it exceeded search pattern filesize limit: SRR10141092_vcfstats.txt
[2022-04-15 17:43:03,126] multiqc                                            [DEBUG  ]  File ignored by nanostat because it exceeded search pattern filesize limit: SRR10141092_vcfstats.txt
[2022-04-15 17:43:03,150] multiqc                                            [DEBUG  ]  File ignored by ccs/v4 because it exceeded search pattern filesize limit: SRR10141060_vcfstats.txt
[2022-04-15 17:43:03,150] multiqc                                            [DEBUG  ]  File ignored by hicexplorer because it exceeded search pattern filesize limit: SRR10141060_vcfstats.txt
[2022-04-15 17:43:03,151] multiqc                                            [DEBUG  ]  File ignored by lima/summary because it exceeded search pattern filesize limit: SRR10141060_vcfstats.txt
[2022-04-15 17:43:03,152] multiqc                                            [DEBUG  ]  File ignored by longranger/invocation because it exceeded search pattern filesize limit: SRR10141060_vcfstats.txt
[2022-04-15 17:43:03,177] multiqc                                            [DEBUG  ]  File ignored by nanostat because it exceeded search pattern filesize limit: SRR10141060_vcfstats.txt
[2022-04-15 17:43:03,187] multiqc                                            [DEBUG  ]  File ignored by ccs/v4 because it exceeded search pattern filesize limit: SRR10141062_vcfstats.txt
[2022-04-15 17:43:03,188] multiqc                                            [DEBUG  ]  File ignored by hicexplorer because it exceeded search pattern filesize limit: SRR10141062_vcfstats.txt
[2022-04-15 17:43:03,188] multiqc                                            [DEBUG  ]  File ignored by lima/summary because it exceeded search pattern filesize limit: SRR10141062_vcfstats.txt
[2022-04-15 17:43:03,189] multiqc                                            [DEBUG  ]  File ignored by longranger/invocation because it exceeded search pattern filesize limit: SRR10141062_vcfstats.txt
[2022-04-15 17:43:03,212] multiqc                                            [DEBUG  ]  File ignored by nanostat because it exceeded search pattern filesize limit: SRR10141062_vcfstats.txt
[2022-04-15 17:43:03,233] multiqc                                            [DEBUG  ]  File ignored by ccs/v4 because it exceeded search pattern filesize limit: SRR10141105_vcfstats.txt
[2022-04-15 17:43:03,234] multiqc                                            [DEBUG  ]  File ignored by hicexplorer because it exceeded search pattern filesize limit: SRR10141105_vcfstats.txt
[2022-04-15 17:43:03,234] multiqc                                            [DEBUG  ]  File ignored by lima/summary because it exceeded search pattern filesize limit: SRR10141105_vcfstats.txt
[2022-04-15 17:43:03,236] multiqc                                            [DEBUG  ]  File ignored by longranger/invocation because it exceeded search pattern filesize limit: SRR10141105_vcfstats.txt
[2022-04-15 17:43:03,252] multiqc                                            [DEBUG  ]  File ignored by nanostat because it exceeded search pattern filesize limit: SRR10141105_vcfstats.txt
[2022-04-15 17:43:03,267] multiqc                                            [DEBUG  ]  File ignored by ccs/v4 because it exceeded search pattern filesize limit: SRR10141068_vcfstats.txt
[2022-04-15 17:43:03,268] multiqc                                            [DEBUG  ]  File ignored by hicexplorer because it exceeded search pattern filesize limit: SRR10141068_vcfstats.txt
[2022-04-15 17:43:03,268] multiqc                                            [DEBUG  ]  File ignored by lima/summary because it exceeded search pattern filesize limit: SRR10141068_vcfstats.txt
[2022-04-15 17:43:03,270] multiqc                                            [DEBUG  ]  File ignored by longranger/invocation because it exceeded search pattern filesize limit: SRR10141068_vcfstats.txt
[2022-04-15 17:43:03,291] multiqc                                            [DEBUG  ]  File ignored by nanostat because it exceeded search pattern filesize limit: SRR10141068_vcfstats.txt
[2022-04-15 17:43:03,295] multiqc                                            [DEBUG  ]  File ignored by ccs/v4 because it exceeded search pattern filesize limit: SRR10141024_vcfstats.txt
[2022-04-15 17:43:03,296] multiqc                                            [DEBUG  ]  File ignored by hicexplorer because it exceeded search pattern filesize limit: SRR10141024_vcfstats.txt
[2022-04-15 17:43:03,296] multiqc                                            [DEBUG  ]  File ignored by lima/summary because it exceeded search pattern filesize limit: SRR10141024_vcfstats.txt
[2022-04-15 17:43:03,297] multiqc                                            [DEBUG  ]  File ignored by longranger/invocation because it exceeded search pattern filesize limit: SRR10141024_vcfstats.txt
[2022-04-15 17:43:03,321] multiqc                                            [DEBUG  ]  File ignored by nanostat because it exceeded search pattern filesize limit: SRR10141024_vcfstats.txt
[2022-04-15 17:43:03,325] multiqc                                            [DEBUG  ]  File ignored by ccs/v4 because it exceeded search pattern filesize limit: SRR10141100_vcfstats.txt
[2022-04-15 17:43:03,326] multiqc                                            [DEBUG  ]  File ignored by hicexplorer because it exceeded search pattern filesize limit: SRR10141100_vcfstats.txt
[2022-04-15 17:43:03,326] multiqc                                            [DEBUG  ]  File ignored by lima/summary because it exceeded search pattern filesize limit: SRR10141100_vcfstats.txt
[2022-04-15 17:43:03,327] multiqc                                            [DEBUG  ]  File ignored by longranger/invocation because it exceeded search pattern filesize limit: SRR10141100_vcfstats.txt
[2022-04-15 17:43:03,336] multiqc                                            [DEBUG  ]  File ignored by nanostat because it exceeded search pattern filesize limit: SRR10141100_vcfstats.txt
[2022-04-15 17:43:03,339] multiqc                                            [DEBUG  ]  File ignored by ccs/v4 because it exceeded search pattern filesize limit: SRR10141103_vcfstats.txt
[2022-04-15 17:43:03,340] multiqc                                            [DEBUG  ]  File ignored by hicexplorer because it exceeded search pattern filesize limit: SRR10141103_vcfstats.txt
[2022-04-15 17:43:03,340] multiqc                                            [DEBUG  ]  File ignored by lima/summary because it exceeded search pattern filesize limit: SRR10141103_vcfstats.txt
[2022-04-15 17:43:03,342] multiqc                                            [DEBUG  ]  File ignored by longranger/invocation because it exceeded search pattern filesize limit: SRR10141103_vcfstats.txt
[2022-04-15 17:43:03,354] multiqc                                            [DEBUG  ]  File ignored by nanostat because it exceeded search pattern filesize limit: SRR10141103_vcfstats.txt
[2022-04-15 17:43:03,369] multiqc                                            [DEBUG  ]  File ignored by ccs/v4 because it exceeded search pattern filesize limit: SRR10141101_vcfstats.txt
[2022-04-15 17:43:03,370] multiqc                                            [DEBUG  ]  File ignored by hicexplorer because it exceeded search pattern filesize limit: SRR10141101_vcfstats.txt
[2022-04-15 17:43:03,370] multiqc                                            [DEBUG  ]  File ignored by lima/summary because it exceeded search pattern filesize limit: SRR10141101_vcfstats.txt
[2022-04-15 17:43:03,372] multiqc                                            [DEBUG  ]  File ignored by longranger/invocation because it exceeded search pattern filesize limit: SRR10141101_vcfstats.txt
[2022-04-15 17:43:03,382] multiqc                                            [DEBUG  ]  File ignored by nanostat because it exceeded search pattern filesize limit: SRR10141101_vcfstats.txt
[2022-04-15 17:43:03,396] multiqc                                            [DEBUG  ]  File ignored by ccs/v4 because it exceeded search pattern filesize limit: SRR10141046_vcfstats.txt
[2022-04-15 17:43:03,397] multiqc                                            [DEBUG  ]  File ignored by hicexplorer because it exceeded search pattern filesize limit: SRR10141046_vcfstats.txt
[2022-04-15 17:43:03,397] multiqc                                            [DEBUG  ]  File ignored by lima/summary because it exceeded search pattern filesize limit: SRR10141046_vcfstats.txt
[2022-04-15 17:43:03,399] multiqc                                            [DEBUG  ]  File ignored by longranger/invocation because it exceeded search pattern filesize limit: SRR10141046_vcfstats.txt
[2022-04-15 17:43:03,421] multiqc                                            [DEBUG  ]  File ignored by nanostat because it exceeded search pattern filesize limit: SRR10141046_vcfstats.txt
[2022-04-15 17:43:03,431] multiqc                                            [DEBUG  ]  File ignored by ccs/v4 because it exceeded search pattern filesize limit: SRR10141079_vcfstats.txt
[2022-04-15 17:43:03,432] multiqc                                            [DEBUG  ]  File ignored by hicexplorer because it exceeded search pattern filesize limit: SRR10141079_vcfstats.txt
[2022-04-15 17:43:03,432] multiqc                                            [DEBUG  ]  File ignored by lima/summary because it exceeded search pattern filesize limit: SRR10141079_vcfstats.txt
[2022-04-15 17:43:03,434] multiqc                                            [DEBUG  ]  File ignored by longranger/invocation because it exceeded search pattern filesize limit: SRR10141079_vcfstats.txt
[2022-04-15 17:43:03,443] multiqc                                            [DEBUG  ]  File ignored by nanostat because it exceeded search pattern filesize limit: SRR10141079_vcfstats.txt
[2022-04-15 17:43:03,450] multiqc                                            [DEBUG  ]  File ignored by ccs/v4 because it exceeded search pattern filesize limit: SRR10141058_vcfstats.txt
[2022-04-15 17:43:03,450] multiqc                                            [DEBUG  ]  File ignored by hicexplorer because it exceeded search pattern filesize limit: SRR10141058_vcfstats.txt
[2022-04-15 17:43:03,451] multiqc                                            [DEBUG  ]  File ignored by lima/summary because it exceeded search pattern filesize limit: SRR10141058_vcfstats.txt
[2022-04-15 17:43:03,452] multiqc                                            [DEBUG  ]  File ignored by longranger/invocation because it exceeded search pattern filesize limit: SRR10141058_vcfstats.txt
[2022-04-15 17:43:03,473] multiqc                                            [DEBUG  ]  File ignored by nanostat because it exceeded search pattern filesize limit: SRR10141058_vcfstats.txt
[2022-04-15 17:43:03,483] multiqc                                            [DEBUG  ]  File ignored by ccs/v4 because it exceeded search pattern filesize limit: SRR10141102_vcfstats.txt
[2022-04-15 17:43:03,483] multiqc                                            [DEBUG  ]  File ignored by hicexplorer because it exceeded search pattern filesize limit: SRR10141102_vcfstats.txt
[2022-04-15 17:43:03,484] multiqc                                            [DEBUG  ]  File ignored by lima/summary because it exceeded search pattern filesize limit: SRR10141102_vcfstats.txt
[2022-04-15 17:43:03,485] multiqc                                            [DEBUG  ]  File ignored by longranger/invocation because it exceeded search pattern filesize limit: SRR10141102_vcfstats.txt
[2022-04-15 17:43:03,495] multiqc                                            [DEBUG  ]  File ignored by nanostat because it exceeded search pattern filesize limit: SRR10141102_vcfstats.txt
[2022-04-15 17:43:03,516] multiqc                                            [DEBUG  ]  File ignored by ccs/v4 because it exceeded search pattern filesize limit: SRR10141027_vcfstats.txt
[2022-04-15 17:43:03,516] multiqc                                            [DEBUG  ]  File ignored by hicexplorer because it exceeded search pattern filesize limit: SRR10141027_vcfstats.txt
[2022-04-15 17:43:03,517] multiqc                                            [DEBUG  ]  File ignored by lima/summary because it exceeded search pattern filesize limit: SRR10141027_vcfstats.txt
[2022-04-15 17:43:03,518] multiqc                                            [DEBUG  ]  File ignored by longranger/invocation because it exceeded search pattern filesize limit: SRR10141027_vcfstats.txt
[2022-04-15 17:43:03,543] multiqc                                            [DEBUG  ]  File ignored by nanostat because it exceeded search pattern filesize limit: SRR10141027_vcfstats.txt
[2022-04-15 17:43:03,547] multiqc                                            [DEBUG  ]  File ignored by ccs/v4 because it exceeded search pattern filesize limit: SRR10141111_vcfstats.txt
[2022-04-15 17:43:03,548] multiqc                                            [DEBUG  ]  File ignored by hicexplorer because it exceeded search pattern filesize limit: SRR10141111_vcfstats.txt
[2022-04-15 17:43:03,548] multiqc                                            [DEBUG  ]  File ignored by lima/summary because it exceeded search pattern filesize limit: SRR10141111_vcfstats.txt
[2022-04-15 17:43:03,553] multiqc                                            [DEBUG  ]  File ignored by longranger/invocation because it exceeded search pattern filesize limit: SRR10141111_vcfstats.txt
[2022-04-15 17:43:03,562] multiqc                                            [DEBUG  ]  File ignored by nanostat because it exceeded search pattern filesize limit: SRR10141111_vcfstats.txt
[2022-04-15 17:43:03,571] multiqc                                            [DEBUG  ]  File ignored by ccs/v4 because it exceeded search pattern filesize limit: SRR10141108_vcfstats.txt
[2022-04-15 17:43:03,572] multiqc                                            [DEBUG  ]  File ignored by hicexplorer because it exceeded search pattern filesize limit: SRR10141108_vcfstats.txt
[2022-04-15 17:43:03,572] multiqc                                            [DEBUG  ]  File ignored by lima/summary because it exceeded search pattern filesize limit: SRR10141108_vcfstats.txt
[2022-04-15 17:43:03,574] multiqc                                            [DEBUG  ]  File ignored by longranger/invocation because it exceeded search pattern filesize limit: SRR10141108_vcfstats.txt
[2022-04-15 17:43:03,583] multiqc                                            [DEBUG  ]  File ignored by nanostat because it exceeded search pattern filesize limit: SRR10141108_vcfstats.txt
[2022-04-15 17:43:03,586] multiqc                                            [DEBUG  ]  File ignored by ccs/v4 because it exceeded search pattern filesize limit: SRR10141087_vcfstats.txt
[2022-04-15 17:43:03,587] multiqc                                            [DEBUG  ]  File ignored by hicexplorer because it exceeded search pattern filesize limit: SRR10141087_vcfstats.txt
[2022-04-15 17:43:03,587] multiqc                                            [DEBUG  ]  File ignored by lima/summary because it exceeded search pattern filesize limit: SRR10141087_vcfstats.txt
[2022-04-15 17:43:03,589] multiqc                                            [DEBUG  ]  File ignored by longranger/invocation because it exceeded search pattern filesize limit: SRR10141087_vcfstats.txt
[2022-04-15 17:43:03,597] multiqc                                            [DEBUG  ]  File ignored by nanostat because it exceeded search pattern filesize limit: SRR10141087_vcfstats.txt
[2022-04-15 17:43:03,624] multiqc                                            [DEBUG  ]  File ignored by ccs/v4 because it exceeded search pattern filesize limit: SRR10141078_vcfstats.txt
[2022-04-15 17:43:03,625] multiqc                                            [DEBUG  ]  File ignored by hicexplorer because it exceeded search pattern filesize limit: SRR10141078_vcfstats.txt
[2022-04-15 17:43:03,625] multiqc                                            [DEBUG  ]  File ignored by lima/summary because it exceeded search pattern filesize limit: SRR10141078_vcfstats.txt
[2022-04-15 17:43:03,626] multiqc                                            [DEBUG  ]  File ignored by longranger/invocation because it exceeded search pattern filesize limit: SRR10141078_vcfstats.txt
[2022-04-15 17:43:03,637] multiqc                                            [DEBUG  ]  File ignored by nanostat because it exceeded search pattern filesize limit: SRR10141078_vcfstats.txt
[2022-04-15 17:43:03,640] multiqc                                            [DEBUG  ]  File ignored by ccs/v4 because it exceeded search pattern filesize limit: SRR10141094_vcfstats.txt
[2022-04-15 17:43:03,641] multiqc                                            [DEBUG  ]  File ignored by hicexplorer because it exceeded search pattern filesize limit: SRR10141094_vcfstats.txt
[2022-04-15 17:43:03,641] multiqc                                            [DEBUG  ]  File ignored by lima/summary because it exceeded search pattern filesize limit: SRR10141094_vcfstats.txt
[2022-04-15 17:43:03,642] multiqc                                            [DEBUG  ]  File ignored by longranger/invocation because it exceeded search pattern filesize limit: SRR10141094_vcfstats.txt
[2022-04-15 17:43:03,655] multiqc                                            [DEBUG  ]  File ignored by nanostat because it exceeded search pattern filesize limit: SRR10141094_vcfstats.txt
[2022-04-15 17:43:03,658] multiqc                                            [DEBUG  ]  File ignored by ccs/v4 because it exceeded search pattern filesize limit: SRR10141112_vcfstats.txt
[2022-04-15 17:43:03,659] multiqc                                            [DEBUG  ]  File ignored by hicexplorer because it exceeded search pattern filesize limit: SRR10141112_vcfstats.txt
[2022-04-15 17:43:03,659] multiqc                                            [DEBUG  ]  File ignored by lima/summary because it exceeded search pattern filesize limit: SRR10141112_vcfstats.txt
[2022-04-15 17:43:03,660] multiqc                                            [DEBUG  ]  File ignored by longranger/invocation because it exceeded search pattern filesize limit: SRR10141112_vcfstats.txt
[2022-04-15 17:43:03,670] multiqc                                            [DEBUG  ]  File ignored by nanostat because it exceeded search pattern filesize limit: SRR10141112_vcfstats.txt
[2022-04-15 17:43:03,673] multiqc                                            [DEBUG  ]  File ignored by ccs/v4 because it exceeded search pattern filesize limit: SRR10141088_vcfstats.txt
[2022-04-15 17:43:03,674] multiqc                                            [DEBUG  ]  File ignored by hicexplorer because it exceeded search pattern filesize limit: SRR10141088_vcfstats.txt
[2022-04-15 17:43:03,674] multiqc                                            [DEBUG  ]  File ignored by lima/summary because it exceeded search pattern filesize limit: SRR10141088_vcfstats.txt
[2022-04-15 17:43:03,675] multiqc                                            [DEBUG  ]  File ignored by longranger/invocation because it exceeded search pattern filesize limit: SRR10141088_vcfstats.txt
[2022-04-15 17:43:03,684] multiqc                                            [DEBUG  ]  File ignored by nanostat because it exceeded search pattern filesize limit: SRR10141088_vcfstats.txt
[2022-04-15 17:43:03,711] multiqc                                            [DEBUG  ]  File ignored by ccs/v4 because it exceeded search pattern filesize limit: SRR10141081_vcfstats.txt
[2022-04-15 17:43:03,712] multiqc                                            [DEBUG  ]  File ignored by hicexplorer because it exceeded search pattern filesize limit: SRR10141081_vcfstats.txt
[2022-04-15 17:43:03,712] multiqc                                            [DEBUG  ]  File ignored by lima/summary because it exceeded search pattern filesize limit: SRR10141081_vcfstats.txt
[2022-04-15 17:43:03,713] multiqc                                            [DEBUG  ]  File ignored by longranger/invocation because it exceeded search pattern filesize limit: SRR10141081_vcfstats.txt
[2022-04-15 17:43:03,723] multiqc                                            [DEBUG  ]  File ignored by nanostat because it exceeded search pattern filesize limit: SRR10141081_vcfstats.txt
[2022-04-15 17:43:04,116] multiqc.plots.bargraph                             [DEBUG  ]  Using matplotlib version 2.1.1
[2022-04-15 17:43:04,118] multiqc.plots.linegraph                            [DEBUG  ]  Using matplotlib version 2.1.1
[2022-04-15 17:43:05,206] multiqc.modules.bcftools.bcftools                  [INFO   ]  Found 99 stats reports
[2022-04-15 17:43:05,306] multiqc                                            [INFO   ]  Compressing plot data
[2022-04-15 17:43:08,842] multiqc                                            [INFO   ]  Report      : multiqc_report.html
[2022-04-15 17:43:08,842] multiqc                                            [INFO   ]  Data        : multiqc_data
[2022-04-15 17:43:08,842] multiqc                                            [DEBUG  ]  Moving data file from '/tmp/tmpuf7nykyx/multiqc_data' to '/srv/data/my_shared_data_folder/gnbs/stubdata/variants/vcfstats/multiqc_data'
[2022-04-15 17:43:09,002] multiqc                                            [INFO   ]  MultiQC complete
