[2022-04-14 09:51:42,491] multiqc                                            [DEBUG  ]  This is MultiQC v1.12
[2022-04-14 09:51:42,491] multiqc                                            [DEBUG  ]  No MultiQC config found: /usr/local/lib/python3.6/dist-packages/multiqc-1.12-py3.6.egg/multiqc_config.yaml
[2022-04-14 09:51:42,491] multiqc                                            [DEBUG  ]  No MultiQC config found: /home/laitanawe/.multiqc_config.yaml
[2022-04-14 09:51:42,491] multiqc                                            [DEBUG  ]  No MultiQC config found: multiqc_config.yaml
[2022-04-14 09:51:42,491] multiqc                                            [DEBUG  ]  Command used: /usr/local/bin/multiqc ../markdup_metrics/
[2022-04-14 09:51:43,373] multiqc                                            [DEBUG  ]  Latest MultiQC version is v1.12
[2022-04-14 09:51:43,374] multiqc                                            [DEBUG  ]  Command     : /usr/local/bin/multiqc ../markdup_metrics/
[2022-04-14 09:51:43,374] multiqc                                            [DEBUG  ]  Working dir : /srv/data/my_shared_data_folder/gnbs/stubdata/multiqc_markdup_metrics
[2022-04-14 09:51:43,374] multiqc                                            [DEBUG  ]  Template    : default
[2022-04-14 09:51:43,374] multiqc                                            [DEBUG  ]  Running Python 3.6.9 (default, Mar 15 2022, 13:55:28)  [GCC 8.4.0]
[2022-04-14 09:51:43,374] multiqc                                            [DEBUG  ]  Analysing modules: custom_content, ccs, ngsderive, purple, conpair, lima, peddy, somalier, methylQA, mosdepth, phantompeakqualtools, qualimap, preseq, quast, qorts, rna_seqc, rockhopper, rsem, rseqc, busco, bustools, goleft_indexcov, gffcompare, disambiguate, supernova, deeptools, sargasso, verifybamid, mirtrace, happy, mirtop, sambamba, homer, hops, macs2, theta2, snpeff, gatk, htseq, bcftools, featureCounts, fgbio, dragen, dedup, pbmarkdup, damageprofiler, biobambam2, jcvi, mtnucratio, picard, vep, sentieon, prokka, qc3C, nanostat, samblaster, samtools, sexdeterrmine, eigenstratdatabasetools, bamtools, jellyfish, vcftools, longranger, stacks, varscan2, snippy, bbmap, bismark, biscuit, hicexplorer, hicup, hicpro, salmon, kallisto, slamdunk, star, hisat2, tophat, bowtie2, bowtie1, snpsplit, odgi, pangolin, kat, leehom, adapterRemoval, clipandmerge, cutadapt, flexbar, kaiju, kraken, malt, trimmomatic, sickle, skewer, sortmerna, biobloomtools, fastq_screen, afterqc, fastp, fastqc, pychopper, pycoqc, minionqc, multivcfanalyzer, clusterflow, checkqc, bcl2fastq, bclconvert, interop, ivar, flash, seqyclean, optitype, whatshap
[2022-04-14 09:51:43,374] multiqc                                            [DEBUG  ]  Using temporary directory for creating report: /tmp/tmpp8c4n978
[2022-04-14 09:51:43,380] multiqc                                            [INFO   ]  Search path : /srv/data/my_shared_data_folder/gnbs/stubdata/markdup_metrics
[2022-04-14 09:51:43,414] multiqc                                            [DEBUG  ]  File ignored by ccs/v4 because it exceeded search pattern filesize limit: SRR10141105.markdup_metrics.txt
[2022-04-14 09:51:43,415] multiqc                                            [DEBUG  ]  File ignored by lima/summary because it exceeded search pattern filesize limit: SRR10141105.markdup_metrics.txt
[2022-04-14 09:51:43,429] multiqc                                            [DEBUG  ]  File ignored by ccs/v4 because it exceeded search pattern filesize limit: SRR10141047.markdup_metrics.txt
[2022-04-14 09:51:43,429] multiqc                                            [DEBUG  ]  File ignored by lima/summary because it exceeded search pattern filesize limit: SRR10141047.markdup_metrics.txt
[2022-04-14 09:51:43,431] multiqc                                            [DEBUG  ]  File ignored by longranger/invocation because it exceeded search pattern filesize limit: SRR10141047.markdup_metrics.txt
[2022-04-14 09:51:43,438] multiqc                                            [DEBUG  ]  File ignored by ccs/v4 because it exceeded search pattern filesize limit: SRR10141077.markdup_metrics.txt
[2022-04-14 09:51:43,439] multiqc                                            [DEBUG  ]  File ignored by lima/summary because it exceeded search pattern filesize limit: SRR10141077.markdup_metrics.txt
[2022-04-14 09:51:43,448] multiqc                                            [DEBUG  ]  File ignored by ccs/v4 because it exceeded search pattern filesize limit: SRR10141026.markdup_metrics.txt
[2022-04-14 09:51:43,449] multiqc                                            [DEBUG  ]  File ignored by lima/summary because it exceeded search pattern filesize limit: SRR10141026.markdup_metrics.txt
[2022-04-14 09:51:43,451] multiqc                                            [DEBUG  ]  File ignored by longranger/invocation because it exceeded search pattern filesize limit: SRR10141026.markdup_metrics.txt
[2022-04-14 09:51:43,458] multiqc                                            [DEBUG  ]  File ignored by ccs/v4 because it exceeded search pattern filesize limit: SRR10141060.markdup_metrics.txt
[2022-04-14 09:51:43,459] multiqc                                            [DEBUG  ]  File ignored by lima/summary because it exceeded search pattern filesize limit: SRR10141060.markdup_metrics.txt
[2022-04-14 09:51:43,460] multiqc                                            [DEBUG  ]  File ignored by longranger/invocation because it exceeded search pattern filesize limit: SRR10141060.markdup_metrics.txt
[2022-04-14 09:51:43,468] multiqc                                            [DEBUG  ]  File ignored by ccs/v4 because it exceeded search pattern filesize limit: SRR10141075.markdup_metrics.txt
[2022-04-14 09:51:43,469] multiqc                                            [DEBUG  ]  File ignored by lima/summary because it exceeded search pattern filesize limit: SRR10141075.markdup_metrics.txt
[2022-04-14 09:51:43,493] multiqc                                            [DEBUG  ]  File ignored by ccs/v4 because it exceeded search pattern filesize limit: SRR10141092.markdup_metrics.txt
[2022-04-14 09:51:43,494] multiqc                                            [DEBUG  ]  File ignored by lima/summary because it exceeded search pattern filesize limit: SRR10141092.markdup_metrics.txt
[2022-04-14 09:51:43,502] multiqc                                            [DEBUG  ]  File ignored by ccs/v4 because it exceeded search pattern filesize limit: SRR10141116.markdup_metrics.txt
[2022-04-14 09:51:43,503] multiqc                                            [DEBUG  ]  File ignored by lima/summary because it exceeded search pattern filesize limit: SRR10141116.markdup_metrics.txt
[2022-04-14 09:51:43,512] multiqc                                            [DEBUG  ]  File ignored by ccs/v4 because it exceeded search pattern filesize limit: SRR10141111.markdup_metrics.txt
[2022-04-14 09:51:43,513] multiqc                                            [DEBUG  ]  File ignored by lima/summary because it exceeded search pattern filesize limit: SRR10141111.markdup_metrics.txt
[2022-04-14 09:51:43,522] multiqc                                            [DEBUG  ]  File ignored by ccs/v4 because it exceeded search pattern filesize limit: SRR10141070.markdup_metrics.txt
[2022-04-14 09:51:43,523] multiqc                                            [DEBUG  ]  File ignored by lima/summary because it exceeded search pattern filesize limit: SRR10141070.markdup_metrics.txt
[2022-04-14 09:51:43,532] multiqc                                            [DEBUG  ]  File ignored by ccs/v4 because it exceeded search pattern filesize limit: SRR10141089.markdup_metrics.txt
[2022-04-14 09:51:43,532] multiqc                                            [DEBUG  ]  File ignored by lima/summary because it exceeded search pattern filesize limit: SRR10141089.markdup_metrics.txt
[2022-04-14 09:51:43,541] multiqc                                            [DEBUG  ]  File ignored by ccs/v4 because it exceeded search pattern filesize limit: SRR10141072.markdup_metrics.txt
[2022-04-14 09:51:43,542] multiqc                                            [DEBUG  ]  File ignored by lima/summary because it exceeded search pattern filesize limit: SRR10141072.markdup_metrics.txt
[2022-04-14 09:51:43,551] multiqc                                            [DEBUG  ]  File ignored by ccs/v4 because it exceeded search pattern filesize limit: SRR10141074.markdup_metrics.txt
[2022-04-14 09:51:43,552] multiqc                                            [DEBUG  ]  File ignored by lima/summary because it exceeded search pattern filesize limit: SRR10141074.markdup_metrics.txt
[2022-04-14 09:51:43,568] multiqc                                            [DEBUG  ]  File ignored by ccs/v4 because it exceeded search pattern filesize limit: SRR10141103.markdup_metrics.txt
[2022-04-14 09:51:43,569] multiqc                                            [DEBUG  ]  File ignored by lima/summary because it exceeded search pattern filesize limit: SRR10141103.markdup_metrics.txt
[2022-04-14 09:51:43,582] multiqc                                            [DEBUG  ]  File ignored by ccs/v4 because it exceeded search pattern filesize limit: SRR10141039.markdup_metrics.txt
[2022-04-14 09:51:43,584] multiqc                                            [DEBUG  ]  File ignored by lima/summary because it exceeded search pattern filesize limit: SRR10141039.markdup_metrics.txt
[2022-04-14 09:51:43,585] multiqc                                            [DEBUG  ]  File ignored by longranger/invocation because it exceeded search pattern filesize limit: SRR10141039.markdup_metrics.txt
[2022-04-14 09:51:43,598] multiqc                                            [DEBUG  ]  File ignored by ccs/v4 because it exceeded search pattern filesize limit: SRR10141051.markdup_metrics.txt
[2022-04-14 09:51:43,599] multiqc                                            [DEBUG  ]  File ignored by lima/summary because it exceeded search pattern filesize limit: SRR10141051.markdup_metrics.txt
[2022-04-14 09:51:43,600] multiqc                                            [DEBUG  ]  File ignored by longranger/invocation because it exceeded search pattern filesize limit: SRR10141051.markdup_metrics.txt
[2022-04-14 09:51:43,615] multiqc                                            [DEBUG  ]  File ignored by ccs/v4 because it exceeded search pattern filesize limit: SRR10141114.markdup_metrics.txt
[2022-04-14 09:51:43,616] multiqc                                            [DEBUG  ]  File ignored by lima/summary because it exceeded search pattern filesize limit: SRR10141114.markdup_metrics.txt
[2022-04-14 09:51:43,625] multiqc                                            [DEBUG  ]  File ignored by ccs/v4 because it exceeded search pattern filesize limit: SRR10141034.markdup_metrics.txt
[2022-04-14 09:51:43,626] multiqc                                            [DEBUG  ]  File ignored by lima/summary because it exceeded search pattern filesize limit: SRR10141034.markdup_metrics.txt
[2022-04-14 09:51:43,628] multiqc                                            [DEBUG  ]  File ignored by longranger/invocation because it exceeded search pattern filesize limit: SRR10141034.markdup_metrics.txt
[2022-04-14 09:51:43,635] multiqc                                            [DEBUG  ]  File ignored by ccs/v4 because it exceeded search pattern filesize limit: SRR10141045.markdup_metrics.txt
[2022-04-14 09:51:43,636] multiqc                                            [DEBUG  ]  File ignored by lima/summary because it exceeded search pattern filesize limit: SRR10141045.markdup_metrics.txt
[2022-04-14 09:51:43,637] multiqc                                            [DEBUG  ]  File ignored by longranger/invocation because it exceeded search pattern filesize limit: SRR10141045.markdup_metrics.txt
[2022-04-14 09:51:43,645] multiqc                                            [DEBUG  ]  File ignored by ccs/v4 because it exceeded search pattern filesize limit: SRR10141049.markdup_metrics.txt
[2022-04-14 09:51:43,646] multiqc                                            [DEBUG  ]  File ignored by lima/summary because it exceeded search pattern filesize limit: SRR10141049.markdup_metrics.txt
[2022-04-14 09:51:43,648] multiqc                                            [DEBUG  ]  File ignored by longranger/invocation because it exceeded search pattern filesize limit: SRR10141049.markdup_metrics.txt
[2022-04-14 09:51:43,655] multiqc                                            [DEBUG  ]  File ignored by ccs/v4 because it exceeded search pattern filesize limit: SRR10141067.markdup_metrics.txt
[2022-04-14 09:51:43,656] multiqc                                            [DEBUG  ]  File ignored by lima/summary because it exceeded search pattern filesize limit: SRR10141067.markdup_metrics.txt
[2022-04-14 09:51:43,657] multiqc                                            [DEBUG  ]  File ignored by longranger/invocation because it exceeded search pattern filesize limit: SRR10141067.markdup_metrics.txt
[2022-04-14 09:51:43,665] multiqc                                            [DEBUG  ]  File ignored by ccs/v4 because it exceeded search pattern filesize limit: SRR10141071.markdup_metrics.txt
[2022-04-14 09:51:43,666] multiqc                                            [DEBUG  ]  File ignored by lima/summary because it exceeded search pattern filesize limit: SRR10141071.markdup_metrics.txt
[2022-04-14 09:51:43,667] multiqc                                            [DEBUG  ]  File ignored by longranger/invocation because it exceeded search pattern filesize limit: SRR10141071.markdup_metrics.txt
[2022-04-14 09:51:43,674] multiqc                                            [DEBUG  ]  File ignored by ccs/v4 because it exceeded search pattern filesize limit: SRR10141040.markdup_metrics.txt
[2022-04-14 09:51:43,675] multiqc                                            [DEBUG  ]  File ignored by lima/summary because it exceeded search pattern filesize limit: SRR10141040.markdup_metrics.txt
[2022-04-14 09:51:43,677] multiqc                                            [DEBUG  ]  File ignored by longranger/invocation because it exceeded search pattern filesize limit: SRR10141040.markdup_metrics.txt
[2022-04-14 09:51:43,684] multiqc                                            [DEBUG  ]  File ignored by ccs/v4 because it exceeded search pattern filesize limit: SRR10141107.markdup_metrics.txt
[2022-04-14 09:51:43,685] multiqc                                            [DEBUG  ]  File ignored by lima/summary because it exceeded search pattern filesize limit: SRR10141107.markdup_metrics.txt
[2022-04-14 09:51:43,694] multiqc                                            [DEBUG  ]  File ignored by ccs/v4 because it exceeded search pattern filesize limit: SRR10141110.markdup_metrics.txt
[2022-04-14 09:51:43,706] multiqc                                            [DEBUG  ]  File ignored by lima/summary because it exceeded search pattern filesize limit: SRR10141110.markdup_metrics.txt
[2022-04-14 09:51:43,716] multiqc                                            [DEBUG  ]  File ignored by ccs/v4 because it exceeded search pattern filesize limit: SRR10141078.markdup_metrics.txt
[2022-04-14 09:51:43,717] multiqc                                            [DEBUG  ]  File ignored by lima/summary because it exceeded search pattern filesize limit: SRR10141078.markdup_metrics.txt
[2022-04-14 09:51:43,728] multiqc                                            [DEBUG  ]  File ignored by ccs/v4 because it exceeded search pattern filesize limit: SRR10141035.markdup_metrics.txt
[2022-04-14 09:51:43,729] multiqc                                            [DEBUG  ]  File ignored by lima/summary because it exceeded search pattern filesize limit: SRR10141035.markdup_metrics.txt
[2022-04-14 09:51:43,731] multiqc                                            [DEBUG  ]  File ignored by longranger/invocation because it exceeded search pattern filesize limit: SRR10141035.markdup_metrics.txt
[2022-04-14 09:51:43,750] multiqc                                            [DEBUG  ]  File ignored by ccs/v4 because it exceeded search pattern filesize limit: SRR10141084.markdup_metrics.txt
[2022-04-14 09:51:43,751] multiqc                                            [DEBUG  ]  File ignored by lima/summary because it exceeded search pattern filesize limit: SRR10141084.markdup_metrics.txt
[2022-04-14 09:51:43,761] multiqc                                            [DEBUG  ]  File ignored by ccs/v4 because it exceeded search pattern filesize limit: SRR10141044.markdup_metrics.txt
[2022-04-14 09:51:43,762] multiqc                                            [DEBUG  ]  File ignored by lima/summary because it exceeded search pattern filesize limit: SRR10141044.markdup_metrics.txt
[2022-04-14 09:51:43,763] multiqc                                            [DEBUG  ]  File ignored by longranger/invocation because it exceeded search pattern filesize limit: SRR10141044.markdup_metrics.txt
[2022-04-14 09:51:43,781] multiqc                                            [DEBUG  ]  File ignored by ccs/v4 because it exceeded search pattern filesize limit: SRR10141104.markdup_metrics.txt
[2022-04-14 09:51:43,782] multiqc                                            [DEBUG  ]  File ignored by lima/summary because it exceeded search pattern filesize limit: SRR10141104.markdup_metrics.txt
[2022-04-14 09:51:43,803] multiqc                                            [DEBUG  ]  File ignored by ccs/v4 because it exceeded search pattern filesize limit: SRR10141118.markdup_metrics.txt
[2022-04-14 09:51:43,804] multiqc                                            [DEBUG  ]  File ignored by lima/summary because it exceeded search pattern filesize limit: SRR10141118.markdup_metrics.txt
[2022-04-14 09:51:43,814] multiqc                                            [DEBUG  ]  File ignored by ccs/v4 because it exceeded search pattern filesize limit: SRR10141108.markdup_metrics.txt
[2022-04-14 09:51:43,815] multiqc                                            [DEBUG  ]  File ignored by lima/summary because it exceeded search pattern filesize limit: SRR10141108.markdup_metrics.txt
[2022-04-14 09:51:43,824] multiqc                                            [DEBUG  ]  File ignored by ccs/v4 because it exceeded search pattern filesize limit: SRR10141081.markdup_metrics.txt
[2022-04-14 09:51:43,825] multiqc                                            [DEBUG  ]  File ignored by lima/summary because it exceeded search pattern filesize limit: SRR10141081.markdup_metrics.txt
[2022-04-14 09:51:43,845] multiqc                                            [DEBUG  ]  File ignored by ccs/v4 because it exceeded search pattern filesize limit: SRR10141090.markdup_metrics.txt
[2022-04-14 09:51:43,846] multiqc                                            [DEBUG  ]  File ignored by lima/summary because it exceeded search pattern filesize limit: SRR10141090.markdup_metrics.txt
[2022-04-14 09:51:43,855] multiqc                                            [DEBUG  ]  File ignored by ccs/v4 because it exceeded search pattern filesize limit: SRR10141096.markdup_metrics.txt
[2022-04-14 09:51:43,856] multiqc                                            [DEBUG  ]  File ignored by lima/summary because it exceeded search pattern filesize limit: SRR10141096.markdup_metrics.txt
[2022-04-14 09:51:43,865] multiqc                                            [DEBUG  ]  File ignored by ccs/v4 because it exceeded search pattern filesize limit: SRR10141058.markdup_metrics.txt
[2022-04-14 09:51:43,866] multiqc                                            [DEBUG  ]  File ignored by lima/summary because it exceeded search pattern filesize limit: SRR10141058.markdup_metrics.txt
[2022-04-14 09:51:43,867] multiqc                                            [DEBUG  ]  File ignored by longranger/invocation because it exceeded search pattern filesize limit: SRR10141058.markdup_metrics.txt
[2022-04-14 09:51:43,875] multiqc                                            [DEBUG  ]  File ignored by ccs/v4 because it exceeded search pattern filesize limit: SRR10141093.markdup_metrics.txt
[2022-04-14 09:51:43,876] multiqc                                            [DEBUG  ]  File ignored by lima/summary because it exceeded search pattern filesize limit: SRR10141093.markdup_metrics.txt
[2022-04-14 09:51:43,884] multiqc                                            [DEBUG  ]  File ignored by ccs/v4 because it exceeded search pattern filesize limit: SRR10141043.markdup_metrics.txt
[2022-04-14 09:51:43,885] multiqc                                            [DEBUG  ]  File ignored by lima/summary because it exceeded search pattern filesize limit: SRR10141043.markdup_metrics.txt
[2022-04-14 09:51:43,887] multiqc                                            [DEBUG  ]  File ignored by longranger/invocation because it exceeded search pattern filesize limit: SRR10141043.markdup_metrics.txt
[2022-04-14 09:51:43,894] multiqc                                            [DEBUG  ]  File ignored by ccs/v4 because it exceeded search pattern filesize limit: SRR10141046.markdup_metrics.txt
[2022-04-14 09:51:43,895] multiqc                                            [DEBUG  ]  File ignored by lima/summary because it exceeded search pattern filesize limit: SRR10141046.markdup_metrics.txt
[2022-04-14 09:51:43,897] multiqc                                            [DEBUG  ]  File ignored by longranger/invocation because it exceeded search pattern filesize limit: SRR10141046.markdup_metrics.txt
[2022-04-14 09:51:43,916] multiqc                                            [DEBUG  ]  File ignored by ccs/v4 because it exceeded search pattern filesize limit: SRR10141037.markdup_metrics.txt
[2022-04-14 09:51:43,917] multiqc                                            [DEBUG  ]  File ignored by lima/summary because it exceeded search pattern filesize limit: SRR10141037.markdup_metrics.txt
[2022-04-14 09:51:43,919] multiqc                                            [DEBUG  ]  File ignored by longranger/invocation because it exceeded search pattern filesize limit: SRR10141037.markdup_metrics.txt
[2022-04-14 09:51:43,926] multiqc                                            [DEBUG  ]  File ignored by ccs/v4 because it exceeded search pattern filesize limit: SRR10141025.markdup_metrics.txt
[2022-04-14 09:51:43,927] multiqc                                            [DEBUG  ]  File ignored by lima/summary because it exceeded search pattern filesize limit: SRR10141025.markdup_metrics.txt
[2022-04-14 09:51:43,929] multiqc                                            [DEBUG  ]  File ignored by longranger/invocation because it exceeded search pattern filesize limit: SRR10141025.markdup_metrics.txt
[2022-04-14 09:51:43,937] multiqc                                            [DEBUG  ]  File ignored by ccs/v4 because it exceeded search pattern filesize limit: SRR10141055.markdup_metrics.txt
[2022-04-14 09:51:43,938] multiqc                                            [DEBUG  ]  File ignored by lima/summary because it exceeded search pattern filesize limit: SRR10141055.markdup_metrics.txt
[2022-04-14 09:51:43,939] multiqc                                            [DEBUG  ]  File ignored by longranger/invocation because it exceeded search pattern filesize limit: SRR10141055.markdup_metrics.txt
[2022-04-14 09:51:43,958] multiqc                                            [DEBUG  ]  File ignored by ccs/v4 because it exceeded search pattern filesize limit: SRR10141079.markdup_metrics.txt
[2022-04-14 09:51:43,959] multiqc                                            [DEBUG  ]  File ignored by lima/summary because it exceeded search pattern filesize limit: SRR10141079.markdup_metrics.txt
[2022-04-14 09:51:43,971] multiqc                                            [DEBUG  ]  File ignored by ccs/v4 because it exceeded search pattern filesize limit: SRR10141048.markdup_metrics.txt
[2022-04-14 09:51:43,972] multiqc                                            [DEBUG  ]  File ignored by lima/summary because it exceeded search pattern filesize limit: SRR10141048.markdup_metrics.txt
[2022-04-14 09:51:43,973] multiqc                                            [DEBUG  ]  File ignored by longranger/invocation because it exceeded search pattern filesize limit: SRR10141048.markdup_metrics.txt
[2022-04-14 09:51:43,981] multiqc                                            [DEBUG  ]  File ignored by ccs/v4 because it exceeded search pattern filesize limit: SRR10141085.markdup_metrics.txt
[2022-04-14 09:51:43,982] multiqc                                            [DEBUG  ]  File ignored by lima/summary because it exceeded search pattern filesize limit: SRR10141085.markdup_metrics.txt
[2022-04-14 09:51:43,991] multiqc                                            [DEBUG  ]  File ignored by ccs/v4 because it exceeded search pattern filesize limit: SRR10141031.markdup_metrics.txt
[2022-04-14 09:51:43,992] multiqc                                            [DEBUG  ]  File ignored by lima/summary because it exceeded search pattern filesize limit: SRR10141031.markdup_metrics.txt
[2022-04-14 09:51:43,994] multiqc                                            [DEBUG  ]  File ignored by longranger/invocation because it exceeded search pattern filesize limit: SRR10141031.markdup_metrics.txt
[2022-04-14 09:51:44,001] multiqc                                            [DEBUG  ]  File ignored by ccs/v4 because it exceeded search pattern filesize limit: SRR10141057.markdup_metrics.txt
[2022-04-14 09:51:44,002] multiqc                                            [DEBUG  ]  File ignored by lima/summary because it exceeded search pattern filesize limit: SRR10141057.markdup_metrics.txt
[2022-04-14 09:51:44,004] multiqc                                            [DEBUG  ]  File ignored by longranger/invocation because it exceeded search pattern filesize limit: SRR10141057.markdup_metrics.txt
[2022-04-14 09:51:44,014] multiqc                                            [DEBUG  ]  File ignored by ccs/v4 because it exceeded search pattern filesize limit: SRR10141027.markdup_metrics.txt
[2022-04-14 09:51:44,015] multiqc                                            [DEBUG  ]  File ignored by lima/summary because it exceeded search pattern filesize limit: SRR10141027.markdup_metrics.txt
[2022-04-14 09:51:44,016] multiqc                                            [DEBUG  ]  File ignored by longranger/invocation because it exceeded search pattern filesize limit: SRR10141027.markdup_metrics.txt
[2022-04-14 09:51:44,025] multiqc                                            [DEBUG  ]  File ignored by ccs/v4 because it exceeded search pattern filesize limit: SRR10141094.markdup_metrics.txt
[2022-04-14 09:51:44,026] multiqc                                            [DEBUG  ]  File ignored by lima/summary because it exceeded search pattern filesize limit: SRR10141094.markdup_metrics.txt
[2022-04-14 09:51:44,035] multiqc                                            [DEBUG  ]  File ignored by ccs/v4 because it exceeded search pattern filesize limit: SRR10141052.markdup_metrics.txt
[2022-04-14 09:51:44,036] multiqc                                            [DEBUG  ]  File ignored by lima/summary because it exceeded search pattern filesize limit: SRR10141052.markdup_metrics.txt
[2022-04-14 09:51:44,049] multiqc                                            [DEBUG  ]  File ignored by ccs/v4 because it exceeded search pattern filesize limit: SRR10141050.markdup_metrics.txt
[2022-04-14 09:51:44,050] multiqc                                            [DEBUG  ]  File ignored by lima/summary because it exceeded search pattern filesize limit: SRR10141050.markdup_metrics.txt
[2022-04-14 09:51:44,052] multiqc                                            [DEBUG  ]  File ignored by longranger/invocation because it exceeded search pattern filesize limit: SRR10141050.markdup_metrics.txt
[2022-04-14 09:51:44,065] multiqc                                            [DEBUG  ]  File ignored by ccs/v4 because it exceeded search pattern filesize limit: SRR10141076.markdup_metrics.txt
[2022-04-14 09:51:44,066] multiqc                                            [DEBUG  ]  File ignored by lima/summary because it exceeded search pattern filesize limit: SRR10141076.markdup_metrics.txt
[2022-04-14 09:51:44,075] multiqc                                            [DEBUG  ]  File ignored by ccs/v4 because it exceeded search pattern filesize limit: SRR10141100.markdup_metrics.txt
[2022-04-14 09:51:44,076] multiqc                                            [DEBUG  ]  File ignored by lima/summary because it exceeded search pattern filesize limit: SRR10141100.markdup_metrics.txt
[2022-04-14 09:51:44,086] multiqc                                            [DEBUG  ]  File ignored by ccs/v4 because it exceeded search pattern filesize limit: SRR10141068.markdup_metrics.txt
[2022-04-14 09:51:44,087] multiqc                                            [DEBUG  ]  File ignored by lima/summary because it exceeded search pattern filesize limit: SRR10141068.markdup_metrics.txt
[2022-04-14 09:51:44,089] multiqc                                            [DEBUG  ]  File ignored by longranger/invocation because it exceeded search pattern filesize limit: SRR10141068.markdup_metrics.txt
[2022-04-14 09:51:44,103] multiqc                                            [DEBUG  ]  File ignored by ccs/v4 because it exceeded search pattern filesize limit: SRR10141115.markdup_metrics.txt
[2022-04-14 09:51:44,104] multiqc                                            [DEBUG  ]  File ignored by lima/summary because it exceeded search pattern filesize limit: SRR10141115.markdup_metrics.txt
[2022-04-14 09:51:44,119] multiqc                                            [DEBUG  ]  File ignored by ccs/v4 because it exceeded search pattern filesize limit: SRR10141024.markdup_metrics.txt
[2022-04-14 09:51:44,120] multiqc                                            [DEBUG  ]  File ignored by lima/summary because it exceeded search pattern filesize limit: SRR10141024.markdup_metrics.txt
[2022-04-14 09:51:44,122] multiqc                                            [DEBUG  ]  File ignored by longranger/invocation because it exceeded search pattern filesize limit: SRR10141024.markdup_metrics.txt
[2022-04-14 09:51:44,150] multiqc                                            [DEBUG  ]  File ignored by ccs/v4 because it exceeded search pattern filesize limit: SRR10141053.markdup_metrics.txt
[2022-04-14 09:51:44,151] multiqc                                            [DEBUG  ]  File ignored by lima/summary because it exceeded search pattern filesize limit: SRR10141053.markdup_metrics.txt
[2022-04-14 09:51:44,153] multiqc                                            [DEBUG  ]  File ignored by longranger/invocation because it exceeded search pattern filesize limit: SRR10141053.markdup_metrics.txt
[2022-04-14 09:51:44,178] multiqc                                            [DEBUG  ]  File ignored by ccs/v4 because it exceeded search pattern filesize limit: SRR10141042.markdup_metrics.txt
[2022-04-14 09:51:44,179] multiqc                                            [DEBUG  ]  File ignored by lima/summary because it exceeded search pattern filesize limit: SRR10141042.markdup_metrics.txt
[2022-04-14 09:51:44,180] multiqc                                            [DEBUG  ]  File ignored by longranger/invocation because it exceeded search pattern filesize limit: SRR10141042.markdup_metrics.txt
[2022-04-14 09:51:44,188] multiqc                                            [DEBUG  ]  File ignored by ccs/v4 because it exceeded search pattern filesize limit: SRR10141091.markdup_metrics.txt
[2022-04-14 09:51:44,189] multiqc                                            [DEBUG  ]  File ignored by lima/summary because it exceeded search pattern filesize limit: SRR10141091.markdup_metrics.txt
[2022-04-14 09:51:44,198] multiqc                                            [DEBUG  ]  File ignored by ccs/v4 because it exceeded search pattern filesize limit: SRR10141095.markdup_metrics.txt
[2022-04-14 09:51:44,199] multiqc                                            [DEBUG  ]  File ignored by lima/summary because it exceeded search pattern filesize limit: SRR10141095.markdup_metrics.txt
[2022-04-14 09:51:44,207] multiqc                                            [DEBUG  ]  File ignored by ccs/v4 because it exceeded search pattern filesize limit: SRR10141063.markdup_metrics.txt
[2022-04-14 09:51:44,208] multiqc                                            [DEBUG  ]  File ignored by lima/summary because it exceeded search pattern filesize limit: SRR10141063.markdup_metrics.txt
[2022-04-14 09:51:44,226] multiqc                                            [DEBUG  ]  File ignored by ccs/v4 because it exceeded search pattern filesize limit: SRR10141099.markdup_metrics.txt
[2022-04-14 09:51:44,227] multiqc                                            [DEBUG  ]  File ignored by lima/summary because it exceeded search pattern filesize limit: SRR10141099.markdup_metrics.txt
[2022-04-14 09:51:44,242] multiqc                                            [DEBUG  ]  File ignored by ccs/v4 because it exceeded search pattern filesize limit: SRR10141056.markdup_metrics.txt
[2022-04-14 09:51:44,243] multiqc                                            [DEBUG  ]  File ignored by lima/summary because it exceeded search pattern filesize limit: SRR10141056.markdup_metrics.txt
[2022-04-14 09:51:44,251] multiqc                                            [DEBUG  ]  File ignored by longranger/invocation because it exceeded search pattern filesize limit: SRR10141056.markdup_metrics.txt
[2022-04-14 09:51:44,259] multiqc                                            [DEBUG  ]  File ignored by ccs/v4 because it exceeded search pattern filesize limit: SRR10141029.markdup_metrics.txt
[2022-04-14 09:51:44,260] multiqc                                            [DEBUG  ]  File ignored by lima/summary because it exceeded search pattern filesize limit: SRR10141029.markdup_metrics.txt
[2022-04-14 09:51:44,262] multiqc                                            [DEBUG  ]  File ignored by longranger/invocation because it exceeded search pattern filesize limit: SRR10141029.markdup_metrics.txt
[2022-04-14 09:51:44,269] multiqc                                            [DEBUG  ]  File ignored by ccs/v4 because it exceeded search pattern filesize limit: SRR10141073.markdup_metrics.txt
[2022-04-14 09:51:44,270] multiqc                                            [DEBUG  ]  File ignored by lima/summary because it exceeded search pattern filesize limit: SRR10141073.markdup_metrics.txt
[2022-04-14 09:51:44,291] multiqc                                            [DEBUG  ]  File ignored by ccs/v4 because it exceeded search pattern filesize limit: SRR10141065.markdup_metrics.txt
[2022-04-14 09:51:44,292] multiqc                                            [DEBUG  ]  File ignored by lima/summary because it exceeded search pattern filesize limit: SRR10141065.markdup_metrics.txt
[2022-04-14 09:51:44,294] multiqc                                            [DEBUG  ]  File ignored by longranger/invocation because it exceeded search pattern filesize limit: SRR10141065.markdup_metrics.txt
[2022-04-14 09:51:44,302] multiqc                                            [DEBUG  ]  File ignored by ccs/v4 because it exceeded search pattern filesize limit: SRR10141106.markdup_metrics.txt
[2022-04-14 09:51:44,302] multiqc                                            [DEBUG  ]  File ignored by lima/summary because it exceeded search pattern filesize limit: SRR10141106.markdup_metrics.txt
[2022-04-14 09:51:44,320] multiqc                                            [DEBUG  ]  File ignored by ccs/v4 because it exceeded search pattern filesize limit: SRR10141028.markdup_metrics.txt
[2022-04-14 09:51:44,321] multiqc                                            [DEBUG  ]  File ignored by lima/summary because it exceeded search pattern filesize limit: SRR10141028.markdup_metrics.txt
[2022-04-14 09:51:44,323] multiqc                                            [DEBUG  ]  File ignored by longranger/invocation because it exceeded search pattern filesize limit: SRR10141028.markdup_metrics.txt
[2022-04-14 09:51:44,330] multiqc                                            [DEBUG  ]  File ignored by ccs/v4 because it exceeded search pattern filesize limit: SRR10141080.markdup_metrics.txt
[2022-04-14 09:51:44,331] multiqc                                            [DEBUG  ]  File ignored by lima/summary because it exceeded search pattern filesize limit: SRR10141080.markdup_metrics.txt
[2022-04-14 09:51:44,340] multiqc                                            [DEBUG  ]  File ignored by ccs/v4 because it exceeded search pattern filesize limit: SRR10141062.markdup_metrics.txt
[2022-04-14 09:51:44,341] multiqc                                            [DEBUG  ]  File ignored by lima/summary because it exceeded search pattern filesize limit: SRR10141062.markdup_metrics.txt
[2022-04-14 09:51:44,342] multiqc                                            [DEBUG  ]  File ignored by longranger/invocation because it exceeded search pattern filesize limit: SRR10141062.markdup_metrics.txt
[2022-04-14 09:51:44,350] multiqc                                            [DEBUG  ]  File ignored by ccs/v4 because it exceeded search pattern filesize limit: SRR10141112.markdup_metrics.txt
[2022-04-14 09:51:44,351] multiqc                                            [DEBUG  ]  File ignored by lima/summary because it exceeded search pattern filesize limit: SRR10141112.markdup_metrics.txt
[2022-04-14 09:51:44,352] multiqc                                            [DEBUG  ]  File ignored by longranger/invocation because it exceeded search pattern filesize limit: SRR10141112.markdup_metrics.txt
[2022-04-14 09:51:44,359] multiqc                                            [DEBUG  ]  File ignored by ccs/v4 because it exceeded search pattern filesize limit: SRR10141117.markdup_metrics.txt
[2022-04-14 09:51:44,360] multiqc                                            [DEBUG  ]  File ignored by lima/summary because it exceeded search pattern filesize limit: SRR10141117.markdup_metrics.txt
[2022-04-14 09:51:44,375] multiqc                                            [DEBUG  ]  File ignored by ccs/v4 because it exceeded search pattern filesize limit: SRR10141087.markdup_metrics.txt
[2022-04-14 09:51:44,376] multiqc                                            [DEBUG  ]  File ignored by lima/summary because it exceeded search pattern filesize limit: SRR10141087.markdup_metrics.txt
[2022-04-14 09:51:44,385] multiqc                                            [DEBUG  ]  File ignored by ccs/v4 because it exceeded search pattern filesize limit: SRR10141083.markdup_metrics.txt
[2022-04-14 09:51:44,386] multiqc                                            [DEBUG  ]  File ignored by lima/summary because it exceeded search pattern filesize limit: SRR10141083.markdup_metrics.txt
[2022-04-14 09:51:44,387] multiqc                                            [DEBUG  ]  File ignored by longranger/invocation because it exceeded search pattern filesize limit: SRR10141083.markdup_metrics.txt
[2022-04-14 09:51:44,395] multiqc                                            [DEBUG  ]  File ignored by ccs/v4 because it exceeded search pattern filesize limit: SRR10141054.markdup_metrics.txt
[2022-04-14 09:51:44,395] multiqc                                            [DEBUG  ]  File ignored by lima/summary because it exceeded search pattern filesize limit: SRR10141054.markdup_metrics.txt
[2022-04-14 09:51:44,397] multiqc                                            [DEBUG  ]  File ignored by longranger/invocation because it exceeded search pattern filesize limit: SRR10141054.markdup_metrics.txt
[2022-04-14 09:51:44,404] multiqc                                            [DEBUG  ]  File ignored by ccs/v4 because it exceeded search pattern filesize limit: SRR10141023.markdup_metrics.txt
[2022-04-14 09:51:44,405] multiqc                                            [DEBUG  ]  File ignored by lima/summary because it exceeded search pattern filesize limit: SRR10141023.markdup_metrics.txt
[2022-04-14 09:51:44,407] multiqc                                            [DEBUG  ]  File ignored by longranger/invocation because it exceeded search pattern filesize limit: SRR10141023.markdup_metrics.txt
[2022-04-14 09:51:44,414] multiqc                                            [DEBUG  ]  File ignored by ccs/v4 because it exceeded search pattern filesize limit: SRR10141064.markdup_metrics.txt
[2022-04-14 09:51:44,426] multiqc                                            [DEBUG  ]  File ignored by lima/summary because it exceeded search pattern filesize limit: SRR10141064.markdup_metrics.txt
[2022-04-14 09:51:44,428] multiqc                                            [DEBUG  ]  File ignored by longranger/invocation because it exceeded search pattern filesize limit: SRR10141064.markdup_metrics.txt
[2022-04-14 09:51:44,435] multiqc                                            [DEBUG  ]  File ignored by ccs/v4 because it exceeded search pattern filesize limit: SRR10141109.markdup_metrics.txt
[2022-04-14 09:51:44,436] multiqc                                            [DEBUG  ]  File ignored by lima/summary because it exceeded search pattern filesize limit: SRR10141109.markdup_metrics.txt
[2022-04-14 09:51:44,445] multiqc                                            [DEBUG  ]  File ignored by ccs/v4 because it exceeded search pattern filesize limit: SRR10141036.markdup_metrics.txt
[2022-04-14 09:51:44,446] multiqc                                            [DEBUG  ]  File ignored by lima/summary because it exceeded search pattern filesize limit: SRR10141036.markdup_metrics.txt
[2022-04-14 09:51:44,448] multiqc                                            [DEBUG  ]  File ignored by longranger/invocation because it exceeded search pattern filesize limit: SRR10141036.markdup_metrics.txt
[2022-04-14 09:51:44,455] multiqc                                            [DEBUG  ]  File ignored by ccs/v4 because it exceeded search pattern filesize limit: SRR10141022.markdup_metrics.txt
[2022-04-14 09:51:44,468] multiqc                                            [DEBUG  ]  File ignored by lima/summary because it exceeded search pattern filesize limit: SRR10141022.markdup_metrics.txt
[2022-04-14 09:51:44,470] multiqc                                            [DEBUG  ]  File ignored by longranger/invocation because it exceeded search pattern filesize limit: SRR10141022.markdup_metrics.txt
[2022-04-14 09:51:44,478] multiqc                                            [DEBUG  ]  File ignored by ccs/v4 because it exceeded search pattern filesize limit: SRR10141066.markdup_metrics.txt
[2022-04-14 09:51:44,479] multiqc                                            [DEBUG  ]  File ignored by lima/summary because it exceeded search pattern filesize limit: SRR10141066.markdup_metrics.txt
[2022-04-14 09:51:44,481] multiqc                                            [DEBUG  ]  File ignored by longranger/invocation because it exceeded search pattern filesize limit: SRR10141066.markdup_metrics.txt
[2022-04-14 09:51:44,499] multiqc                                            [DEBUG  ]  File ignored by ccs/v4 because it exceeded search pattern filesize limit: SRR10141101.markdup_metrics.txt
[2022-04-14 09:51:44,500] multiqc                                            [DEBUG  ]  File ignored by lima/summary because it exceeded search pattern filesize limit: SRR10141101.markdup_metrics.txt
[2022-04-14 09:51:44,517] multiqc                                            [DEBUG  ]  File ignored by ccs/v4 because it exceeded search pattern filesize limit: SRR10141102.markdup_metrics.txt
[2022-04-14 09:51:44,518] multiqc                                            [DEBUG  ]  File ignored by lima/summary because it exceeded search pattern filesize limit: SRR10141102.markdup_metrics.txt
[2022-04-14 09:51:44,534] multiqc                                            [DEBUG  ]  File ignored by ccs/v4 because it exceeded search pattern filesize limit: SRR10141086.markdup_metrics.txt
[2022-04-14 09:51:44,535] multiqc                                            [DEBUG  ]  File ignored by lima/summary because it exceeded search pattern filesize limit: SRR10141086.markdup_metrics.txt
[2022-04-14 09:51:44,544] multiqc                                            [DEBUG  ]  File ignored by ccs/v4 because it exceeded search pattern filesize limit: SRR10141088.markdup_metrics.txt
[2022-04-14 09:51:44,545] multiqc                                            [DEBUG  ]  File ignored by lima/summary because it exceeded search pattern filesize limit: SRR10141088.markdup_metrics.txt
[2022-04-14 09:51:44,554] multiqc                                            [DEBUG  ]  File ignored by ccs/v4 because it exceeded search pattern filesize limit: SRR10141041.markdup_metrics.txt
[2022-04-14 09:51:44,555] multiqc                                            [DEBUG  ]  File ignored by lima/summary because it exceeded search pattern filesize limit: SRR10141041.markdup_metrics.txt
[2022-04-14 09:51:44,556] multiqc                                            [DEBUG  ]  File ignored by longranger/invocation because it exceeded search pattern filesize limit: SRR10141041.markdup_metrics.txt
[2022-04-14 09:51:44,564] multiqc                                            [DEBUG  ]  File ignored by ccs/v4 because it exceeded search pattern filesize limit: SRR10141061.markdup_metrics.txt
[2022-04-14 09:51:44,565] multiqc                                            [DEBUG  ]  File ignored by lima/summary because it exceeded search pattern filesize limit: SRR10141061.markdup_metrics.txt
[2022-04-14 09:51:44,566] multiqc                                            [DEBUG  ]  File ignored by longranger/invocation because it exceeded search pattern filesize limit: SRR10141061.markdup_metrics.txt
[2022-04-14 09:51:44,586] multiqc                                            [DEBUG  ]  File ignored by ccs/v4 because it exceeded search pattern filesize limit: SRR10141098.markdup_metrics.txt
[2022-04-14 09:51:44,586] multiqc                                            [DEBUG  ]  File ignored by lima/summary because it exceeded search pattern filesize limit: SRR10141098.markdup_metrics.txt
[2022-04-14 09:51:44,595] multiqc                                            [DEBUG  ]  File ignored by ccs/v4 because it exceeded search pattern filesize limit: SRR10141113.markdup_metrics.txt
[2022-04-14 09:51:44,596] multiqc                                            [DEBUG  ]  File ignored by lima/summary because it exceeded search pattern filesize limit: SRR10141113.markdup_metrics.txt
[2022-04-14 09:51:44,598] multiqc                                            [DEBUG  ]  File ignored by longranger/invocation because it exceeded search pattern filesize limit: SRR10141113.markdup_metrics.txt
[2022-04-14 09:51:44,605] multiqc                                            [DEBUG  ]  File ignored by ccs/v4 because it exceeded search pattern filesize limit: SRR10141030.markdup_metrics.txt
[2022-04-14 09:51:44,606] multiqc                                            [DEBUG  ]  File ignored by lima/summary because it exceeded search pattern filesize limit: SRR10141030.markdup_metrics.txt
[2022-04-14 09:51:44,607] multiqc                                            [DEBUG  ]  File ignored by longranger/invocation because it exceeded search pattern filesize limit: SRR10141030.markdup_metrics.txt
[2022-04-14 09:51:44,615] multiqc                                            [DEBUG  ]  File ignored by ccs/v4 because it exceeded search pattern filesize limit: SRR10141032.markdup_metrics.txt
[2022-04-14 09:51:44,616] multiqc                                            [DEBUG  ]  File ignored by lima/summary because it exceeded search pattern filesize limit: SRR10141032.markdup_metrics.txt
[2022-04-14 09:51:44,617] multiqc                                            [DEBUG  ]  File ignored by longranger/invocation because it exceeded search pattern filesize limit: SRR10141032.markdup_metrics.txt
[2022-04-14 09:51:44,625] multiqc                                            [DEBUG  ]  File ignored by ccs/v4 because it exceeded search pattern filesize limit: SRR10141021.markdup_metrics.txt
[2022-04-14 09:51:44,626] multiqc                                            [DEBUG  ]  File ignored by lima/summary because it exceeded search pattern filesize limit: SRR10141021.markdup_metrics.txt
[2022-04-14 09:51:44,642] multiqc                                            [DEBUG  ]  File ignored by longranger/invocation because it exceeded search pattern filesize limit: SRR10141021.markdup_metrics.txt
[2022-04-14 09:51:44,650] multiqc                                            [DEBUG  ]  File ignored by ccs/v4 because it exceeded search pattern filesize limit: SRR10141069.markdup_metrics.txt
[2022-04-14 09:51:44,651] multiqc                                            [DEBUG  ]  File ignored by lima/summary because it exceeded search pattern filesize limit: SRR10141069.markdup_metrics.txt
[2022-04-14 09:51:44,659] multiqc                                            [DEBUG  ]  File ignored by ccs/v4 because it exceeded search pattern filesize limit: SRR10141082.markdup_metrics.txt
[2022-04-14 09:51:44,660] multiqc                                            [DEBUG  ]  File ignored by lima/summary because it exceeded search pattern filesize limit: SRR10141082.markdup_metrics.txt
[2022-04-14 09:51:44,669] multiqc                                            [DEBUG  ]  File ignored by ccs/v4 because it exceeded search pattern filesize limit: SRR10141097.markdup_metrics.txt
[2022-04-14 09:51:44,670] multiqc                                            [DEBUG  ]  File ignored by lima/summary because it exceeded search pattern filesize limit: SRR10141097.markdup_metrics.txt
[2022-04-14 09:51:44,686] multiqc                                            [DEBUG  ]  File ignored by ccs/v4 because it exceeded search pattern filesize limit: SRR10141038.markdup_metrics.txt
[2022-04-14 09:51:44,687] multiqc                                            [DEBUG  ]  File ignored by lima/summary because it exceeded search pattern filesize limit: SRR10141038.markdup_metrics.txt
[2022-04-14 09:51:44,688] multiqc                                            [DEBUG  ]  File ignored by longranger/invocation because it exceeded search pattern filesize limit: SRR10141038.markdup_metrics.txt
[2022-04-14 09:51:44,696] multiqc                                            [DEBUG  ]  File ignored by ccs/v4 because it exceeded search pattern filesize limit: SRR10141059.markdup_metrics.txt
[2022-04-14 09:51:44,697] multiqc                                            [DEBUG  ]  File ignored by lima/summary because it exceeded search pattern filesize limit: SRR10141059.markdup_metrics.txt
[2022-04-14 09:51:44,698] multiqc                                            [DEBUG  ]  File ignored by longranger/invocation because it exceeded search pattern filesize limit: SRR10141059.markdup_metrics.txt
[2022-04-14 09:51:44,706] multiqc                                            [DEBUG  ]  File ignored by ccs/v4 because it exceeded search pattern filesize limit: SRR10141119.markdup_metrics.txt
[2022-04-14 09:51:44,706] multiqc                                            [DEBUG  ]  File ignored by lima/summary because it exceeded search pattern filesize limit: SRR10141119.markdup_metrics.txt
[2022-04-14 09:51:44,715] multiqc                                            [DEBUG  ]  File ignored by ccs/v4 because it exceeded search pattern filesize limit: SRR10141033.markdup_metrics.txt
[2022-04-14 09:51:44,716] multiqc                                            [DEBUG  ]  File ignored by lima/summary because it exceeded search pattern filesize limit: SRR10141033.markdup_metrics.txt
[2022-04-14 09:51:44,718] multiqc                                            [DEBUG  ]  File ignored by longranger/invocation because it exceeded search pattern filesize limit: SRR10141033.markdup_metrics.txt
[2022-04-14 09:51:45,275] multiqc.plots.bargraph                             [DEBUG  ]  Using matplotlib version 2.1.1
[2022-04-14 09:51:45,278] multiqc.plots.linegraph                            [DEBUG  ]  Using matplotlib version 2.1.1
[2022-04-14 09:51:45,344] multiqc.modules.picard.picard                      [INFO   ]  Found 99 MarkDuplicates reports
[2022-04-14 09:51:45,379] multiqc                                            [INFO   ]  Compressing plot data
[2022-04-14 09:51:45,404] multiqc                                            [INFO   ]  Report      : multiqc_report.html
[2022-04-14 09:51:45,404] multiqc                                            [INFO   ]  Data        : multiqc_data
[2022-04-14 09:51:45,405] multiqc                                            [DEBUG  ]  Moving data file from '/tmp/tmpp8c4n978/multiqc_data' to '/srv/data/my_shared_data_folder/gnbs/stubdata/multiqc_markdup_metrics/multiqc_data'
[2022-04-14 09:51:45,564] multiqc                                            [INFO   ]  MultiQC complete
